2025-08-12 08:40:00 [main] INFO  com.codegym.RentalHouseApplication - Starting RentalHouseApplication using Java 17.0.15 with PID 12688 (D:\Module-6\rental-house-backend\target\classes started by Hoang Tran in D:\Module-6\rental-house-backend)
2025-08-12 08:40:00 [main] DEBUG com.codegym.RentalHouseApplication - Running with Spring Boot v3.1.4, Spring v6.0.12
2025-08-12 08:40:00 [main] INFO  com.codegym.RentalHouseApplication - No active profile set, falling back to 1 default profile: "default"
2025-08-12 08:40:03 [main] INFO  o.s.d.r.c.RepositoryConfigurationDelegate - Bootstrapping Spring Data JPA repositories in DEFAULT mode.
2025-08-12 08:40:03 [main] INFO  o.s.d.r.c.RepositoryConfigurationDelegate - Finished Spring Data repository scanning in 197 ms. Found 10 JPA repository interfaces.
2025-08-12 08:40:05 [main] INFO  o.s.b.w.e.tomcat.TomcatWebServer - Tomcat initialized with port(s): 8080 (http)
2025-08-12 08:40:05 [main] INFO  o.a.catalina.core.StandardService - Starting service [Tomcat]
2025-08-12 08:40:05 [main] INFO  o.a.catalina.core.StandardEngine - Starting Servlet engine: [Apache Tomcat/10.1.13]
2025-08-12 08:40:05 [main] INFO  o.a.c.c.C.[Tomcat].[localhost].[/] - Initializing Spring embedded WebApplicationContext
2025-08-12 08:40:05 [main] INFO  o.s.b.w.s.c.ServletWebServerApplicationContext - Root WebApplicationContext: initialization completed in 5115 ms
2025-08-12 08:40:05 [main] INFO  o.h.jpa.internal.util.LogHelper - HHH000204: Processing PersistenceUnitInfo [name: default]
2025-08-12 08:40:05 [main] INFO  org.hibernate.Version - HHH000412: Hibernate ORM core version 6.2.9.Final
2025-08-12 08:40:05 [main] INFO  org.hibernate.cfg.Environment - HHH000406: Using bytecode reflection optimizer
2025-08-12 08:40:06 [main] INFO  o.h.b.i.BytecodeProviderInitiator - HHH000021: Bytecode provider name : bytebuddy
2025-08-12 08:40:06 [main] INFO  o.s.o.j.p.SpringPersistenceUnitInfo - No LoadTimeWeaver setup: ignoring JPA class transformer
2025-08-12 08:40:06 [main] INFO  com.zaxxer.hikari.HikariDataSource - HikariPool-1 - Starting...
2025-08-12 08:40:07 [main] INFO  com.zaxxer.hikari.pool.HikariPool - HikariPool-1 - Added connection com.mysql.cj.jdbc.ConnectionImpl@6630dd28
2025-08-12 08:40:07 [main] INFO  com.zaxxer.hikari.HikariDataSource - HikariPool-1 - Start completed.
2025-08-12 08:40:07 [main] WARN  org.hibernate.orm.deprecation - HHH90000026: MySQL8Dialect has been deprecated; use org.hibernate.dialect.MySQLDialect instead
2025-08-12 08:40:09 [main] INFO  o.h.b.i.BytecodeProviderInitiator - HHH000021: Bytecode provider name : bytebuddy
2025-08-12 08:40:12 [main] INFO  o.h.e.t.j.p.i.JtaPlatformInitiator - HHH000490: Using JtaPlatform implementation: [org.hibernate.engine.transaction.jta.platform.internal.NoJtaPlatform]
2025-08-12 08:40:12 [main] INFO  o.s.o.j.LocalContainerEntityManagerFactoryBean - Initialized JPA EntityManagerFactory for persistence unit 'default'
2025-08-12 08:40:13 [main] DEBUG c.c.infrastructure.JwtTokenFilter - Filter 'jwtTokenFilter' configured for use
2025-08-12 08:40:13 [main] INFO  o.s.d.j.r.query.QueryEnhancerFactory - Hibernate is in classpath; If applicable, HQL parser will be used.
2025-08-12 08:40:15 [main] WARN  o.s.b.a.o.j.JpaBaseConfiguration$JpaWebConfiguration - spring.jpa.open-in-view is enabled by default. Therefore, database queries may be performed during view rendering. Explicitly configure spring.jpa.open-in-view to disable this warning
2025-08-12 08:40:15 [main] INFO  o.s.s.web.DefaultSecurityFilterChain - Will secure any request with [org.springframework.security.web.session.DisableEncodeUrlFilter@78d3578e, org.springframework.security.web.context.request.async.WebAsyncManagerIntegrationFilter@4e4d6172, org.springframework.security.web.context.SecurityContextHolderFilter@60b90fd3, org.springframework.security.web.header.HeaderWriterFilter@6557d4c6, org.springframework.web.filter.CorsFilter@6b4d0be2, org.springframework.security.web.authentication.logout.LogoutFilter@9e2946, com.codegym.infrastructure.JwtTokenFilter@6e8f3b76, org.springframework.security.web.savedrequest.RequestCacheAwareFilter@c79a727, org.springframework.security.web.servletapi.SecurityContextHolderAwareRequestFilter@6fab250b, org.springframework.security.web.authentication.AnonymousAuthenticationFilter@3c3f0f2e, org.springframework.security.web.session.SessionManagementFilter@12e1413c, org.springframework.security.web.access.ExceptionTranslationFilter@43e587cd, org.springframework.security.web.access.intercept.AuthorizationFilter@fe739e7]
2025-08-12 08:40:16 [main] INFO  o.s.b.w.e.tomcat.TomcatWebServer - Tomcat started on port(s): 8080 (http) with context path ''
2025-08-12 08:40:16 [main] INFO  com.codegym.RentalHouseApplication - Started RentalHouseApplication in 17.831 seconds (process running for 31.728)
2025-08-12 08:40:16 [main] DEBUG org.hibernate.SQL - 
    /* <criteria> */ select
        r1_0.id,
        r1_0.name 
    from
        roles r1_0 
    where
        r1_0.name=?
2025-08-12 08:40:16 [main] DEBUG org.hibernate.SQL - 
    /* <criteria> */ select
        r1_0.id,
        r1_0.name 
    from
        roles r1_0 
    where
        r1_0.name=?
2025-08-12 08:40:16 [main] DEBUG org.hibernate.SQL - 
    /* <criteria> */ select
        r1_0.id,
        r1_0.name 
    from
        roles r1_0 
    where
        r1_0.name=?
2025-08-12 08:40:16 [main] DEBUG org.hibernate.SQL - 
    /* <criteria> */ select
        r1_0.id,
        r1_0.name 
    from
        roles r1_0 
    where
        r1_0.name=?
2025-08-12 08:40:16 [main] DEBUG org.hibernate.SQL - 
    /* <criteria> */ select
        r1_0.id,
        r1_0.name 
    from
        roles r1_0 
    where
        r1_0.name=?
2025-08-12 08:40:16 [main] DEBUG org.hibernate.SQL - 
    /* <criteria> */ select
        r1_0.id,
        r1_0.name 
    from
        roles r1_0 
    where
        r1_0.name=?
2025-08-12 08:40:16 [main] DEBUG org.hibernate.SQL - 
    /* <criteria> */ select
        u1_0.id,
        u1_0.active,
        u1_0.address,
        u1_0.img,
        u1_0.birth_date,
        u1_0.created_at,
        u1_0.email,
        u1_0.facebook_account_id,
        u1_0.full_name,
        u1_0.google_account_id,
        u1_0.password,
        u1_0.phone,
        u1_0.role_id,
        u1_0.updated_at,
        u1_0.username 
    from
        users u1_0 
    where
        u1_0.username=?
2025-08-12 08:40:16 [main] DEBUG org.hibernate.SQL - 
    select
        h1_0.id,
        h1_0.address,
        h1_0.approved_date,
        h1_0.created_at,
        h1_0.national_id,
        h1_0.proof_of_ownership_url,
        h1_0.updated_at,
        h1_0.user_id 
    from
        house_renters h1_0 
    where
        h1_0.user_id=?
2025-08-12 08:40:16 [main] DEBUG org.hibernate.SQL - 
    select
        r1_0.id,
        r1_0.name 
    from
        roles r1_0 
    where
        r1_0.id=?
2025-08-12 08:40:55 [http-nio-8080-exec-1] INFO  o.a.c.c.C.[Tomcat].[localhost].[/] - Initializing Spring DispatcherServlet 'dispatcherServlet'
2025-08-12 08:40:55 [http-nio-8080-exec-1] INFO  o.s.web.servlet.DispatcherServlet - Initializing Servlet 'dispatcherServlet'
2025-08-12 08:40:55 [http-nio-8080-exec-1] INFO  o.s.web.servlet.DispatcherServlet - Completed initialization in 4 ms
2025-08-12 08:40:55 [http-nio-8080-exec-3] ERROR com.codegym.components.JwtTokenUtil - Error extracting claims from token: JWT signature does not match locally computed signature. JWT validity cannot be asserted and should not be trusted.
2025-08-12 08:40:55 [http-nio-8080-exec-3] ERROR com.codegym.components.JwtTokenUtil - Error extracting username from token: Invalid JWT token
2025-08-12 08:40:55 [http-nio-8080-exec-4] ERROR com.codegym.components.JwtTokenUtil - Error extracting claims from token: JWT signature does not match locally computed signature. JWT validity cannot be asserted and should not be trusted.
2025-08-12 08:40:55 [http-nio-8080-exec-4] ERROR com.codegym.components.JwtTokenUtil - Error extracting username from token: Invalid JWT token
2025-08-12 08:41:02 [http-nio-8080-exec-8] DEBUG org.hibernate.SQL - 
    /* <criteria> */ select
        u1_0.id,
        u1_0.active,
        u1_0.address,
        u1_0.img,
        u1_0.birth_date,
        u1_0.created_at,
        u1_0.email,
        u1_0.facebook_account_id,
        u1_0.full_name,
        u1_0.google_account_id,
        u1_0.password,
        u1_0.phone,
        u1_0.role_id,
        u1_0.updated_at,
        u1_0.username 
    from
        users u1_0 
    where
        u1_0.email=?
2025-08-12 08:41:02 [http-nio-8080-exec-8] DEBUG org.hibernate.SQL - 
    select
        h1_0.id,
        h1_0.address,
        h1_0.approved_date,
        h1_0.created_at,
        h1_0.national_id,
        h1_0.proof_of_ownership_url,
        h1_0.updated_at,
        h1_0.user_id 
    from
        house_renters h1_0 
    where
        h1_0.user_id=?
2025-08-12 08:41:02 [http-nio-8080-exec-8] DEBUG org.hibernate.SQL - 
    select
        r1_0.id,
        r1_0.name 
    from
        roles r1_0 
    where
        r1_0.id=?
2025-08-12 08:41:06 [http-nio-8080-exec-9] DEBUG org.hibernate.SQL - 
    /* <criteria> */ select
        u1_0.id,
        u1_0.active,
        u1_0.address,
        u1_0.img,
        u1_0.birth_date,
        u1_0.created_at,
        u1_0.email,
        u1_0.facebook_account_id,
        u1_0.full_name,
        u1_0.google_account_id,
        u1_0.password,
        u1_0.phone,
        u1_0.role_id,
        u1_0.updated_at,
        u1_0.username 
    from
        users u1_0 
    where
        u1_0.email=?
2025-08-12 08:41:06 [http-nio-8080-exec-9] DEBUG org.hibernate.SQL - 
    select
        h1_0.id,
        h1_0.address,
        h1_0.approved_date,
        h1_0.created_at,
        h1_0.national_id,
        h1_0.proof_of_ownership_url,
        h1_0.updated_at,
        h1_0.user_id 
    from
        house_renters h1_0 
    where
        h1_0.user_id=?
2025-08-12 08:41:06 [http-nio-8080-exec-9] DEBUG org.hibernate.SQL - 
    select
        r1_0.id,
        r1_0.name 
    from
        roles r1_0 
    where
        r1_0.id=?
2025-08-12 08:41:06 [http-nio-8080-exec-2] DEBUG org.hibernate.SQL - 
    /* <criteria> */ select
        u1_0.id,
        u1_0.active,
        u1_0.address,
        u1_0.img,
        u1_0.birth_date,
        u1_0.created_at,
        u1_0.email,
        u1_0.facebook_account_id,
        u1_0.full_name,
        u1_0.google_account_id,
        u1_0.password,
        u1_0.phone,
        u1_0.role_id,
        u1_0.updated_at,
        u1_0.username 
    from
        users u1_0 
    where
        u1_0.email=?
2025-08-12 08:41:06 [http-nio-8080-exec-2] DEBUG org.hibernate.SQL - 
    select
        h1_0.id,
        h1_0.address,
        h1_0.approved_date,
        h1_0.created_at,
        h1_0.national_id,
        h1_0.proof_of_ownership_url,
        h1_0.updated_at,
        h1_0.user_id 
    from
        house_renters h1_0 
    where
        h1_0.user_id=?
2025-08-12 08:41:06 [http-nio-8080-exec-2] DEBUG org.hibernate.SQL - 
    select
        r1_0.id,
        r1_0.name 
    from
        roles r1_0 
    where
        r1_0.id=?
2025-08-12 08:41:07 [http-nio-8080-exec-2] DEBUG org.hibernate.SQL - 
    /* <criteria> */ select
        u1_0.id,
        u1_0.active,
        u1_0.address,
        u1_0.img,
        u1_0.birth_date,
        u1_0.created_at,
        u1_0.email,
        u1_0.facebook_account_id,
        u1_0.full_name,
        u1_0.google_account_id,
        u1_0.password,
        u1_0.phone,
        u1_0.role_id,
        u1_0.updated_at,
        u1_0.username 
    from
        users u1_0 
    where
        u1_0.email=?
2025-08-12 08:41:07 [http-nio-8080-exec-2] DEBUG org.hibernate.SQL - 
    select
        h1_0.id,
        h1_0.address,
        h1_0.approved_date,
        h1_0.created_at,
        h1_0.national_id,
        h1_0.proof_of_ownership_url,
        h1_0.updated_at,
        h1_0.user_id 
    from
        house_renters h1_0 
    where
        h1_0.user_id=?
2025-08-12 08:41:07 [http-nio-8080-exec-2] DEBUG org.hibernate.SQL - 
    select
        r1_0.id,
        r1_0.name 
    from
        roles r1_0 
    where
        r1_0.id=?
2025-08-12 08:41:07 [http-nio-8080-exec-8] DEBUG org.hibernate.SQL - 
    /* <criteria> */ select
        u1_0.id,
        u1_0.active,
        u1_0.address,
        u1_0.img,
        u1_0.birth_date,
        u1_0.created_at,
        u1_0.email,
        u1_0.facebook_account_id,
        u1_0.full_name,
        u1_0.google_account_id,
        u1_0.password,
        u1_0.phone,
        u1_0.role_id,
        u1_0.updated_at,
        u1_0.username 
    from
        users u1_0 
    where
        u1_0.email=?
2025-08-12 08:41:07 [http-nio-8080-exec-7] DEBUG org.hibernate.SQL - 
    /* <criteria> */ select
        u1_0.id,
        u1_0.active,
        u1_0.address,
        u1_0.img,
        u1_0.birth_date,
        u1_0.created_at,
        u1_0.email,
        u1_0.facebook_account_id,
        u1_0.full_name,
        u1_0.google_account_id,
        u1_0.password,
        u1_0.phone,
        u1_0.role_id,
        u1_0.updated_at,
        u1_0.username 
    from
        users u1_0 
    where
        u1_0.email=?
2025-08-12 08:41:07 [http-nio-8080-exec-8] DEBUG org.hibernate.SQL - 
    select
        h1_0.id,
        h1_0.address,
        h1_0.approved_date,
        h1_0.created_at,
        h1_0.national_id,
        h1_0.proof_of_ownership_url,
        h1_0.updated_at,
        h1_0.user_id 
    from
        house_renters h1_0 
    where
        h1_0.user_id=?
2025-08-12 08:41:07 [http-nio-8080-exec-8] DEBUG org.hibernate.SQL - 
    select
        r1_0.id,
        r1_0.name 
    from
        roles r1_0 
    where
        r1_0.id=?
2025-08-12 08:41:07 [http-nio-8080-exec-7] DEBUG org.hibernate.SQL - 
    select
        h1_0.id,
        h1_0.address,
        h1_0.approved_date,
        h1_0.created_at,
        h1_0.national_id,
        h1_0.proof_of_ownership_url,
        h1_0.updated_at,
        h1_0.user_id 
    from
        house_renters h1_0 
    where
        h1_0.user_id=?
2025-08-12 08:41:07 [http-nio-8080-exec-7] DEBUG org.hibernate.SQL - 
    select
        r1_0.id,
        r1_0.name 
    from
        roles r1_0 
    where
        r1_0.id=?
2025-08-12 08:41:07 [http-nio-8080-exec-7] DEBUG org.hibernate.SQL - 
    /* <criteria> */ select
        u1_0.id,
        u1_0.active,
        u1_0.address,
        u1_0.img,
        u1_0.birth_date,
        u1_0.created_at,
        u1_0.email,
        u1_0.facebook_account_id,
        u1_0.full_name,
        u1_0.google_account_id,
        u1_0.password,
        u1_0.phone,
        u1_0.role_id,
        u1_0.updated_at,
        u1_0.username 
    from
        users u1_0 
    where
        u1_0.email=?
2025-08-12 08:41:07 [http-nio-8080-exec-7] DEBUG org.hibernate.SQL - 
    select
        h1_0.id,
        h1_0.address,
        h1_0.approved_date,
        h1_0.created_at,
        h1_0.national_id,
        h1_0.proof_of_ownership_url,
        h1_0.updated_at,
        h1_0.user_id 
    from
        house_renters h1_0 
    where
        h1_0.user_id=?
2025-08-12 08:41:07 [http-nio-8080-exec-7] DEBUG org.hibernate.SQL - 
    select
        r1_0.id,
        r1_0.name 
    from
        roles r1_0 
    where
        r1_0.id=?
2025-08-12 08:41:07 [http-nio-8080-exec-9] DEBUG org.hibernate.SQL - 
    /* <criteria> */ select
        u1_0.id,
        u1_0.active,
        u1_0.address,
        u1_0.img,
        u1_0.birth_date,
        u1_0.created_at,
        u1_0.email,
        u1_0.facebook_account_id,
        u1_0.full_name,
        u1_0.google_account_id,
        u1_0.password,
        u1_0.phone,
        u1_0.role_id,
        u1_0.updated_at,
        u1_0.username 
    from
        users u1_0 
    where
        u1_0.email=?
2025-08-12 08:41:07 [http-nio-8080-exec-9] DEBUG org.hibernate.SQL - 
    select
        h1_0.id,
        h1_0.address,
        h1_0.approved_date,
        h1_0.created_at,
        h1_0.national_id,
        h1_0.proof_of_ownership_url,
        h1_0.updated_at,
        h1_0.user_id 
    from
        house_renters h1_0 
    where
        h1_0.user_id=?
2025-08-12 08:41:07 [http-nio-8080-exec-9] DEBUG org.hibernate.SQL - 
    select
        r1_0.id,
        r1_0.name 
    from
        roles r1_0 
    where
        r1_0.id=?
2025-08-12 08:41:07 [http-nio-8080-exec-10] DEBUG org.hibernate.SQL - 
    /* <criteria> */ select
        u1_0.id,
        u1_0.active,
        u1_0.address,
        u1_0.img,
        u1_0.birth_date,
        u1_0.created_at,
        u1_0.email,
        u1_0.facebook_account_id,
        u1_0.full_name,
        u1_0.google_account_id,
        u1_0.password,
        u1_0.phone,
        u1_0.role_id,
        u1_0.updated_at,
        u1_0.username 
    from
        users u1_0 
    where
        u1_0.email=?
2025-08-12 08:41:07 [http-nio-8080-exec-10] DEBUG org.hibernate.SQL - 
    select
        h1_0.id,
        h1_0.address,
        h1_0.approved_date,
        h1_0.created_at,
        h1_0.national_id,
        h1_0.proof_of_ownership_url,
        h1_0.updated_at,
        h1_0.user_id 
    from
        house_renters h1_0 
    where
        h1_0.user_id=?
2025-08-12 08:41:07 [http-nio-8080-exec-10] DEBUG org.hibernate.SQL - 
    select
        r1_0.id,
        r1_0.name 
    from
        roles r1_0 
    where
        r1_0.id=?
2025-08-12 08:41:07 [http-nio-8080-exec-2] DEBUG org.hibernate.SQL - 
    /* <criteria> */ select
        u1_0.id,
        u1_0.active,
        u1_0.address,
        u1_0.img,
        u1_0.birth_date,
        u1_0.created_at,
        u1_0.email,
        u1_0.facebook_account_id,
        u1_0.full_name,
        u1_0.google_account_id,
        u1_0.password,
        u1_0.phone,
        u1_0.role_id,
        u1_0.updated_at,
        u1_0.username 
    from
        users u1_0 
    where
        u1_0.email=?
2025-08-12 08:41:07 [http-nio-8080-exec-2] DEBUG org.hibernate.SQL - 
    select
        h1_0.id,
        h1_0.address,
        h1_0.approved_date,
        h1_0.created_at,
        h1_0.national_id,
        h1_0.proof_of_ownership_url,
        h1_0.updated_at,
        h1_0.user_id 
    from
        house_renters h1_0 
    where
        h1_0.user_id=?
2025-08-12 08:41:07 [http-nio-8080-exec-2] DEBUG org.hibernate.SQL - 
    select
        r1_0.id,
        r1_0.name 
    from
        roles r1_0 
    where
        r1_0.id=?
2025-08-12 08:41:09 [http-nio-8080-exec-10] DEBUG org.hibernate.SQL - 
    /* <criteria> */ select
        u1_0.id,
        u1_0.active,
        u1_0.address,
        u1_0.img,
        u1_0.birth_date,
        u1_0.created_at,
        u1_0.email,
        u1_0.facebook_account_id,
        u1_0.full_name,
        u1_0.google_account_id,
        u1_0.password,
        u1_0.phone,
        u1_0.role_id,
        u1_0.updated_at,
        u1_0.username 
    from
        users u1_0 
    where
        u1_0.email=?
2025-08-12 08:41:09 [http-nio-8080-exec-10] DEBUG org.hibernate.SQL - 
    select
        h1_0.id,
        h1_0.address,
        h1_0.approved_date,
        h1_0.created_at,
        h1_0.national_id,
        h1_0.proof_of_ownership_url,
        h1_0.updated_at,
        h1_0.user_id 
    from
        house_renters h1_0 
    where
        h1_0.user_id=?
2025-08-12 08:41:09 [http-nio-8080-exec-10] DEBUG org.hibernate.SQL - 
    select
        r1_0.id,
        r1_0.name 
    from
        roles r1_0 
    where
        r1_0.id=?
2025-08-12 08:41:09 [http-nio-8080-exec-10] DEBUG org.hibernate.SQL - 
    /* <criteria> */ select
        u1_0.id,
        u1_0.active,
        u1_0.address,
        u1_0.img,
        u1_0.birth_date,
        u1_0.created_at,
        u1_0.email,
        u1_0.facebook_account_id,
        u1_0.full_name,
        u1_0.google_account_id,
        u1_0.password,
        u1_0.phone,
        u1_0.role_id,
        u1_0.updated_at,
        u1_0.username 
    from
        users u1_0 
    where
        u1_0.email=?
2025-08-12 08:41:09 [http-nio-8080-exec-10] DEBUG org.hibernate.SQL - 
    select
        h1_0.id,
        h1_0.address,
        h1_0.approved_date,
        h1_0.created_at,
        h1_0.national_id,
        h1_0.proof_of_ownership_url,
        h1_0.updated_at,
        h1_0.user_id 
    from
        house_renters h1_0 
    where
        h1_0.user_id=?
2025-08-12 08:41:09 [http-nio-8080-exec-10] DEBUG org.hibernate.SQL - 
    select
        r1_0.id,
        r1_0.name 
    from
        roles r1_0 
    where
        r1_0.id=?
2025-08-12 08:41:09 [http-nio-8080-exec-2] DEBUG org.hibernate.SQL - 
    /* <criteria> */ select
        u1_0.id,
        u1_0.active,
        u1_0.address,
        u1_0.img,
        u1_0.birth_date,
        u1_0.created_at,
        u1_0.email,
        u1_0.facebook_account_id,
        u1_0.full_name,
        u1_0.google_account_id,
        u1_0.password,
        u1_0.phone,
        u1_0.role_id,
        u1_0.updated_at,
        u1_0.username 
    from
        users u1_0 
    where
        u1_0.email=?
2025-08-12 08:41:09 [http-nio-8080-exec-2] DEBUG org.hibernate.SQL - 
    select
        h1_0.id,
        h1_0.address,
        h1_0.approved_date,
        h1_0.created_at,
        h1_0.national_id,
        h1_0.proof_of_ownership_url,
        h1_0.updated_at,
        h1_0.user_id 
    from
        house_renters h1_0 
    where
        h1_0.user_id=?
2025-08-12 08:41:09 [http-nio-8080-exec-2] DEBUG org.hibernate.SQL - 
    select
        r1_0.id,
        r1_0.name 
    from
        roles r1_0 
    where
        r1_0.id=?
2025-08-12 08:41:09 [http-nio-8080-exec-2] DEBUG org.hibernate.SQL - 
    /* <criteria> */ select
        u1_0.id,
        u1_0.active,
        u1_0.address,
        u1_0.img,
        u1_0.birth_date,
        u1_0.created_at,
        u1_0.email,
        u1_0.facebook_account_id,
        u1_0.full_name,
        u1_0.google_account_id,
        u1_0.password,
        u1_0.phone,
        u1_0.role_id,
        u1_0.updated_at,
        u1_0.username 
    from
        users u1_0 
    where
        u1_0.email=?
2025-08-12 08:41:09 [http-nio-8080-exec-2] DEBUG org.hibernate.SQL - 
    select
        h1_0.id,
        h1_0.address,
        h1_0.approved_date,
        h1_0.created_at,
        h1_0.national_id,
        h1_0.proof_of_ownership_url,
        h1_0.updated_at,
        h1_0.user_id 
    from
        house_renters h1_0 
    where
        h1_0.user_id=?
2025-08-12 08:41:09 [http-nio-8080-exec-2] DEBUG org.hibernate.SQL - 
    select
        r1_0.id,
        r1_0.name 
    from
        roles r1_0 
    where
        r1_0.id=?
2025-08-12 08:41:09 [http-nio-8080-exec-1] DEBUG org.hibernate.SQL - 
    /* <criteria> */ select
        u1_0.id,
        u1_0.active,
        u1_0.address,
        u1_0.img,
        u1_0.birth_date,
        u1_0.created_at,
        u1_0.email,
        u1_0.facebook_account_id,
        u1_0.full_name,
        u1_0.google_account_id,
        u1_0.password,
        u1_0.phone,
        u1_0.role_id,
        u1_0.updated_at,
        u1_0.username 
    from
        users u1_0 
    where
        u1_0.email=?
2025-08-12 08:41:09 [http-nio-8080-exec-1] DEBUG org.hibernate.SQL - 
    select
        h1_0.id,
        h1_0.address,
        h1_0.approved_date,
        h1_0.created_at,
        h1_0.national_id,
        h1_0.proof_of_ownership_url,
        h1_0.updated_at,
        h1_0.user_id 
    from
        house_renters h1_0 
    where
        h1_0.user_id=?
2025-08-12 08:41:09 [http-nio-8080-exec-1] DEBUG org.hibernate.SQL - 
    select
        r1_0.id,
        r1_0.name 
    from
        roles r1_0 
    where
        r1_0.id=?
2025-08-12 08:41:09 [http-nio-8080-exec-3] DEBUG org.hibernate.SQL - 
    /* <criteria> */ select
        u1_0.id,
        u1_0.active,
        u1_0.address,
        u1_0.img,
        u1_0.birth_date,
        u1_0.created_at,
        u1_0.email,
        u1_0.facebook_account_id,
        u1_0.full_name,
        u1_0.google_account_id,
        u1_0.password,
        u1_0.phone,
        u1_0.role_id,
        u1_0.updated_at,
        u1_0.username 
    from
        users u1_0 
    where
        u1_0.email=?
2025-08-12 08:41:09 [http-nio-8080-exec-3] DEBUG org.hibernate.SQL - 
    select
        h1_0.id,
        h1_0.address,
        h1_0.approved_date,
        h1_0.created_at,
        h1_0.national_id,
        h1_0.proof_of_ownership_url,
        h1_0.updated_at,
        h1_0.user_id 
    from
        house_renters h1_0 
    where
        h1_0.user_id=?
2025-08-12 08:41:09 [http-nio-8080-exec-3] DEBUG org.hibernate.SQL - 
    select
        r1_0.id,
        r1_0.name 
    from
        roles r1_0 
    where
        r1_0.id=?
2025-08-12 08:41:22 [http-nio-8080-exec-8] DEBUG org.hibernate.SQL - 
    /* <criteria> */ select
        u1_0.id,
        u1_0.active,
        u1_0.address,
        u1_0.img,
        u1_0.birth_date,
        u1_0.created_at,
        u1_0.email,
        u1_0.facebook_account_id,
        u1_0.full_name,
        u1_0.google_account_id,
        u1_0.password,
        u1_0.phone,
        u1_0.role_id,
        u1_0.updated_at,
        u1_0.username 
    from
        users u1_0 
    where
        u1_0.email=?
2025-08-12 08:41:22 [http-nio-8080-exec-8] DEBUG org.hibernate.SQL - 
    select
        h1_0.id,
        h1_0.address,
        h1_0.approved_date,
        h1_0.created_at,
        h1_0.national_id,
        h1_0.proof_of_ownership_url,
        h1_0.updated_at,
        h1_0.user_id 
    from
        house_renters h1_0 
    where
        h1_0.user_id=?
2025-08-12 08:41:22 [http-nio-8080-exec-8] DEBUG org.hibernate.SQL - 
    select
        r1_0.id,
        r1_0.name 
    from
        roles r1_0 
    where
        r1_0.id=?
2025-08-12 08:41:22 [http-nio-8080-exec-8] DEBUG org.hibernate.SQL - 
    /* <criteria> */ select
        u1_0.id,
        u1_0.active,
        u1_0.address,
        u1_0.img,
        u1_0.birth_date,
        u1_0.created_at,
        u1_0.email,
        u1_0.facebook_account_id,
        u1_0.full_name,
        u1_0.google_account_id,
        u1_0.password,
        u1_0.phone,
        u1_0.role_id,
        u1_0.updated_at,
        u1_0.username 
    from
        users u1_0 
    where
        u1_0.email=?
2025-08-12 08:41:22 [http-nio-8080-exec-8] DEBUG org.hibernate.SQL - 
    select
        h1_0.id,
        h1_0.address,
        h1_0.approved_date,
        h1_0.created_at,
        h1_0.national_id,
        h1_0.proof_of_ownership_url,
        h1_0.updated_at,
        h1_0.user_id 
    from
        house_renters h1_0 
    where
        h1_0.user_id=?
2025-08-12 08:41:22 [http-nio-8080-exec-8] DEBUG org.hibernate.SQL - 
    select
        r1_0.id,
        r1_0.name 
    from
        roles r1_0 
    where
        r1_0.id=?
2025-08-12 08:41:29 [http-nio-8080-exec-9] DEBUG org.hibernate.SQL - 
    /* <criteria> */ select
        u1_0.id,
        u1_0.active,
        u1_0.address,
        u1_0.img,
        u1_0.birth_date,
        u1_0.created_at,
        u1_0.email,
        u1_0.facebook_account_id,
        u1_0.full_name,
        u1_0.google_account_id,
        u1_0.password,
        u1_0.phone,
        u1_0.role_id,
        u1_0.updated_at,
        u1_0.username 
    from
        users u1_0 
    where
        u1_0.email=?
2025-08-12 08:41:29 [http-nio-8080-exec-9] DEBUG org.hibernate.SQL - 
    select
        h1_0.id,
        h1_0.address,
        h1_0.approved_date,
        h1_0.created_at,
        h1_0.national_id,
        h1_0.proof_of_ownership_url,
        h1_0.updated_at,
        h1_0.user_id 
    from
        house_renters h1_0 
    where
        h1_0.user_id=?
2025-08-12 08:41:29 [http-nio-8080-exec-9] DEBUG org.hibernate.SQL - 
    select
        r1_0.id,
        r1_0.name 
    from
        roles r1_0 
    where
        r1_0.id=?
2025-08-12 08:41:29 [http-nio-8080-exec-9] DEBUG org.hibernate.SQL - 
    /* <criteria> */ select
        u1_0.id,
        u1_0.active,
        u1_0.address,
        u1_0.img,
        u1_0.birth_date,
        u1_0.created_at,
        u1_0.email,
        u1_0.facebook_account_id,
        u1_0.full_name,
        u1_0.google_account_id,
        u1_0.password,
        u1_0.phone,
        u1_0.role_id,
        u1_0.updated_at,
        u1_0.username 
    from
        users u1_0 
    where
        u1_0.email=?
2025-08-12 08:41:29 [http-nio-8080-exec-9] DEBUG org.hibernate.SQL - 
    select
        h1_0.id,
        h1_0.address,
        h1_0.approved_date,
        h1_0.created_at,
        h1_0.national_id,
        h1_0.proof_of_ownership_url,
        h1_0.updated_at,
        h1_0.user_id 
    from
        house_renters h1_0 
    where
        h1_0.user_id=?
2025-08-12 08:41:29 [http-nio-8080-exec-9] DEBUG org.hibernate.SQL - 
    select
        r1_0.id,
        r1_0.name 
    from
        roles r1_0 
    where
        r1_0.id=?
2025-08-12 08:41:29 [http-nio-8080-exec-9] DEBUG org.hibernate.SQL - 
    /* update
        for com.codegym.entity.User */update users 
    set
        active=?,
        address=?,
        img=?,
        birth_date=?,
        email=?,
        facebook_account_id=?,
        full_name=?,
        google_account_id=?,
        password=?,
        phone=?,
        role_id=?,
        updated_at=?,
        username=? 
    where
        id=?
2025-08-12 08:41:30 [http-nio-8080-exec-5] DEBUG org.hibernate.SQL - 
    /* <criteria> */ select
        u1_0.id,
        u1_0.active,
        u1_0.address,
        u1_0.img,
        u1_0.birth_date,
        u1_0.created_at,
        u1_0.email,
        u1_0.facebook_account_id,
        u1_0.full_name,
        u1_0.google_account_id,
        u1_0.password,
        u1_0.phone,
        u1_0.role_id,
        u1_0.updated_at,
        u1_0.username 
    from
        users u1_0 
    where
        u1_0.email=?
2025-08-12 08:41:30 [http-nio-8080-exec-5] DEBUG org.hibernate.SQL - 
    select
        h1_0.id,
        h1_0.address,
        h1_0.approved_date,
        h1_0.created_at,
        h1_0.national_id,
        h1_0.proof_of_ownership_url,
        h1_0.updated_at,
        h1_0.user_id 
    from
        house_renters h1_0 
    where
        h1_0.user_id=?
2025-08-12 08:41:30 [http-nio-8080-exec-5] DEBUG org.hibernate.SQL - 
    select
        r1_0.id,
        r1_0.name 
    from
        roles r1_0 
    where
        r1_0.id=?
2025-08-12 08:41:30 [http-nio-8080-exec-5] DEBUG org.hibernate.SQL - 
    /* <criteria> */ select
        u1_0.id,
        u1_0.active,
        u1_0.address,
        u1_0.img,
        u1_0.birth_date,
        u1_0.created_at,
        u1_0.email,
        u1_0.facebook_account_id,
        u1_0.full_name,
        u1_0.google_account_id,
        u1_0.password,
        u1_0.phone,
        u1_0.role_id,
        u1_0.updated_at,
        u1_0.username 
    from
        users u1_0 
    where
        u1_0.email=?
2025-08-12 08:41:30 [http-nio-8080-exec-5] DEBUG org.hibernate.SQL - 
    select
        h1_0.id,
        h1_0.address,
        h1_0.approved_date,
        h1_0.created_at,
        h1_0.national_id,
        h1_0.proof_of_ownership_url,
        h1_0.updated_at,
        h1_0.user_id 
    from
        house_renters h1_0 
    where
        h1_0.user_id=?
2025-08-12 08:41:30 [http-nio-8080-exec-8] DEBUG org.hibernate.SQL - 
    /* <criteria> */ select
        u1_0.id,
        u1_0.active,
        u1_0.address,
        u1_0.img,
        u1_0.birth_date,
        u1_0.created_at,
        u1_0.email,
        u1_0.facebook_account_id,
        u1_0.full_name,
        u1_0.google_account_id,
        u1_0.password,
        u1_0.phone,
        u1_0.role_id,
        u1_0.updated_at,
        u1_0.username 
    from
        users u1_0 
    where
        u1_0.email=?
2025-08-12 08:41:30 [http-nio-8080-exec-5] DEBUG org.hibernate.SQL - 
    select
        r1_0.id,
        r1_0.name 
    from
        roles r1_0 
    where
        r1_0.id=?
2025-08-12 08:41:30 [http-nio-8080-exec-8] DEBUG org.hibernate.SQL - 
    select
        h1_0.id,
        h1_0.address,
        h1_0.approved_date,
        h1_0.created_at,
        h1_0.national_id,
        h1_0.proof_of_ownership_url,
        h1_0.updated_at,
        h1_0.user_id 
    from
        house_renters h1_0 
    where
        h1_0.user_id=?
2025-08-12 08:41:30 [http-nio-8080-exec-8] DEBUG org.hibernate.SQL - 
    select
        r1_0.id,
        r1_0.name 
    from
        roles r1_0 
    where
        r1_0.id=?
2025-08-12 08:41:30 [http-nio-8080-exec-6] DEBUG org.hibernate.SQL - 
    /* <criteria> */ select
        u1_0.id,
        u1_0.active,
        u1_0.address,
        u1_0.img,
        u1_0.birth_date,
        u1_0.created_at,
        u1_0.email,
        u1_0.facebook_account_id,
        u1_0.full_name,
        u1_0.google_account_id,
        u1_0.password,
        u1_0.phone,
        u1_0.role_id,
        u1_0.updated_at,
        u1_0.username 
    from
        users u1_0 
    where
        u1_0.email=?
2025-08-12 08:41:30 [http-nio-8080-exec-6] DEBUG org.hibernate.SQL - 
    select
        h1_0.id,
        h1_0.address,
        h1_0.approved_date,
        h1_0.created_at,
        h1_0.national_id,
        h1_0.proof_of_ownership_url,
        h1_0.updated_at,
        h1_0.user_id 
    from
        house_renters h1_0 
    where
        h1_0.user_id=?
2025-08-12 08:41:30 [http-nio-8080-exec-6] DEBUG org.hibernate.SQL - 
    select
        r1_0.id,
        r1_0.name 
    from
        roles r1_0 
    where
        r1_0.id=?
2025-08-12 08:41:30 [http-nio-8080-exec-9] DEBUG org.hibernate.SQL - 
    /* <criteria> */ select
        u1_0.id,
        u1_0.active,
        u1_0.address,
        u1_0.img,
        u1_0.birth_date,
        u1_0.created_at,
        u1_0.email,
        u1_0.facebook_account_id,
        u1_0.full_name,
        u1_0.google_account_id,
        u1_0.password,
        u1_0.phone,
        u1_0.role_id,
        u1_0.updated_at,
        u1_0.username 
    from
        users u1_0 
    where
        u1_0.email=?
2025-08-12 08:41:30 [http-nio-8080-exec-9] DEBUG org.hibernate.SQL - 
    select
        h1_0.id,
        h1_0.address,
        h1_0.approved_date,
        h1_0.created_at,
        h1_0.national_id,
        h1_0.proof_of_ownership_url,
        h1_0.updated_at,
        h1_0.user_id 
    from
        house_renters h1_0 
    where
        h1_0.user_id=?
2025-08-12 08:41:30 [http-nio-8080-exec-9] DEBUG org.hibernate.SQL - 
    select
        r1_0.id,
        r1_0.name 
    from
        roles r1_0 
    where
        r1_0.id=?
2025-08-12 08:41:30 [http-nio-8080-exec-2] DEBUG org.hibernate.SQL - 
    /* <criteria> */ select
        u1_0.id,
        u1_0.active,
        u1_0.address,
        u1_0.img,
        u1_0.birth_date,
        u1_0.created_at,
        u1_0.email,
        u1_0.facebook_account_id,
        u1_0.full_name,
        u1_0.google_account_id,
        u1_0.password,
        u1_0.phone,
        u1_0.role_id,
        u1_0.updated_at,
        u1_0.username 
    from
        users u1_0 
    where
        u1_0.email=?
2025-08-12 08:41:30 [http-nio-8080-exec-2] DEBUG org.hibernate.SQL - 
    select
        h1_0.id,
        h1_0.address,
        h1_0.approved_date,
        h1_0.created_at,
        h1_0.national_id,
        h1_0.proof_of_ownership_url,
        h1_0.updated_at,
        h1_0.user_id 
    from
        house_renters h1_0 
    where
        h1_0.user_id=?
2025-08-12 08:41:30 [http-nio-8080-exec-2] DEBUG org.hibernate.SQL - 
    select
        r1_0.id,
        r1_0.name 
    from
        roles r1_0 
    where
        r1_0.id=?
2025-08-12 08:41:41 [http-nio-8080-exec-5] DEBUG org.hibernate.SQL - 
    /* <criteria> */ select
        u1_0.id,
        u1_0.active,
        u1_0.address,
        u1_0.img,
        u1_0.birth_date,
        u1_0.created_at,
        u1_0.email,
        u1_0.facebook_account_id,
        u1_0.full_name,
        u1_0.google_account_id,
        u1_0.password,
        u1_0.phone,
        u1_0.role_id,
        u1_0.updated_at,
        u1_0.username 
    from
        users u1_0 
    where
        u1_0.email=?
2025-08-12 08:41:41 [http-nio-8080-exec-5] DEBUG org.hibernate.SQL - 
    select
        h1_0.id,
        h1_0.address,
        h1_0.approved_date,
        h1_0.created_at,
        h1_0.national_id,
        h1_0.proof_of_ownership_url,
        h1_0.updated_at,
        h1_0.user_id 
    from
        house_renters h1_0 
    where
        h1_0.user_id=?
2025-08-12 08:41:41 [http-nio-8080-exec-5] DEBUG org.hibernate.SQL - 
    select
        r1_0.id,
        r1_0.name 
    from
        roles r1_0 
    where
        r1_0.id=?
2025-08-12 08:41:46 [http-nio-8080-exec-9] DEBUG org.hibernate.SQL - 
    /* <criteria> */ select
        u1_0.id,
        u1_0.active,
        u1_0.address,
        u1_0.img,
        u1_0.birth_date,
        u1_0.created_at,
        u1_0.email,
        u1_0.facebook_account_id,
        u1_0.full_name,
        u1_0.google_account_id,
        u1_0.password,
        u1_0.phone,
        u1_0.role_id,
        u1_0.updated_at,
        u1_0.username 
    from
        users u1_0 
    where
        u1_0.email=?
2025-08-12 08:41:46 [http-nio-8080-exec-9] DEBUG org.hibernate.SQL - 
    select
        h1_0.id,
        h1_0.address,
        h1_0.approved_date,
        h1_0.created_at,
        h1_0.national_id,
        h1_0.proof_of_ownership_url,
        h1_0.updated_at,
        h1_0.user_id 
    from
        house_renters h1_0 
    where
        h1_0.user_id=?
2025-08-12 08:41:46 [http-nio-8080-exec-9] DEBUG org.hibernate.SQL - 
    select
        r1_0.id,
        r1_0.name 
    from
        roles r1_0 
    where
        r1_0.id=?
2025-08-12 08:41:46 [http-nio-8080-exec-9] DEBUG org.hibernate.SQL - 
    /* <criteria> */ select
        u1_0.id,
        u1_0.active,
        u1_0.address,
        u1_0.img,
        u1_0.birth_date,
        u1_0.created_at,
        u1_0.email,
        u1_0.facebook_account_id,
        u1_0.full_name,
        u1_0.google_account_id,
        u1_0.password,
        u1_0.phone,
        u1_0.role_id,
        u1_0.updated_at,
        u1_0.username 
    from
        users u1_0 
    left join
        roles r1_0 
            on r1_0.id=u1_0.role_id 
    where
        r1_0.name!=? 
    order by
        u1_0.id desc limit ?,
        ?
2025-08-12 08:41:47 [http-nio-8080-exec-9] DEBUG org.hibernate.SQL - 
    select
        h1_0.id,
        h1_0.address,
        h1_0.approved_date,
        h1_0.created_at,
        h1_0.national_id,
        h1_0.proof_of_ownership_url,
        h1_0.updated_at,
        h1_0.user_id 
    from
        house_renters h1_0 
    where
        h1_0.user_id=?
2025-08-12 08:41:47 [http-nio-8080-exec-9] DEBUG org.hibernate.SQL - 
    select
        r1_0.id,
        r1_0.name 
    from
        roles r1_0 
    where
        r1_0.id=?
2025-08-12 08:41:47 [http-nio-8080-exec-9] DEBUG org.hibernate.SQL - 
    select
        h1_0.id,
        h1_0.address,
        h1_0.approved_date,
        h1_0.created_at,
        h1_0.national_id,
        h1_0.proof_of_ownership_url,
        h1_0.updated_at,
        h1_0.user_id 
    from
        house_renters h1_0 
    where
        h1_0.user_id=?
2025-08-12 08:41:47 [http-nio-8080-exec-9] DEBUG org.hibernate.SQL - 
    select
        h1_0.id,
        h1_0.address,
        h1_0.approved_date,
        h1_0.created_at,
        h1_0.national_id,
        h1_0.proof_of_ownership_url,
        h1_0.updated_at,
        h1_0.user_id 
    from
        house_renters h1_0 
    where
        h1_0.user_id=?
2025-08-12 08:41:47 [http-nio-8080-exec-9] DEBUG org.hibernate.SQL - 
    select
        h1_0.id,
        h1_0.address,
        h1_0.approved_date,
        h1_0.created_at,
        h1_0.national_id,
        h1_0.proof_of_ownership_url,
        h1_0.updated_at,
        h1_0.user_id 
    from
        house_renters h1_0 
    where
        h1_0.user_id=?
2025-08-12 08:41:47 [http-nio-8080-exec-2] DEBUG org.hibernate.SQL - 
    /* <criteria> */ select
        u1_0.id,
        u1_0.active,
        u1_0.address,
        u1_0.img,
        u1_0.birth_date,
        u1_0.created_at,
        u1_0.email,
        u1_0.facebook_account_id,
        u1_0.full_name,
        u1_0.google_account_id,
        u1_0.password,
        u1_0.phone,
        u1_0.role_id,
        u1_0.updated_at,
        u1_0.username 
    from
        users u1_0 
    where
        u1_0.email=?
2025-08-12 08:41:47 [http-nio-8080-exec-2] DEBUG org.hibernate.SQL - 
    select
        h1_0.id,
        h1_0.address,
        h1_0.approved_date,
        h1_0.created_at,
        h1_0.national_id,
        h1_0.proof_of_ownership_url,
        h1_0.updated_at,
        h1_0.user_id 
    from
        house_renters h1_0 
    where
        h1_0.user_id=?
2025-08-12 08:41:47 [http-nio-8080-exec-2] DEBUG org.hibernate.SQL - 
    select
        r1_0.id,
        r1_0.name 
    from
        roles r1_0 
    where
        r1_0.id=?
2025-08-12 08:41:47 [http-nio-8080-exec-2] DEBUG org.hibernate.SQL - 
    /* <criteria> */ select
        u1_0.id,
        u1_0.active,
        u1_0.address,
        u1_0.img,
        u1_0.birth_date,
        u1_0.created_at,
        u1_0.email,
        u1_0.facebook_account_id,
        u1_0.full_name,
        u1_0.google_account_id,
        u1_0.password,
        u1_0.phone,
        u1_0.role_id,
        u1_0.updated_at,
        u1_0.username 
    from
        users u1_0 
    left join
        roles r1_0 
            on r1_0.id=u1_0.role_id 
    where
        r1_0.name!=? 
    order by
        u1_0.id desc limit ?,
        ?
2025-08-12 08:41:47 [http-nio-8080-exec-2] DEBUG org.hibernate.SQL - 
    select
        h1_0.id,
        h1_0.address,
        h1_0.approved_date,
        h1_0.created_at,
        h1_0.national_id,
        h1_0.proof_of_ownership_url,
        h1_0.updated_at,
        h1_0.user_id 
    from
        house_renters h1_0 
    where
        h1_0.user_id=?
2025-08-12 08:41:47 [http-nio-8080-exec-2] DEBUG org.hibernate.SQL - 
    select
        r1_0.id,
        r1_0.name 
    from
        roles r1_0 
    where
        r1_0.id=?
2025-08-12 08:41:47 [http-nio-8080-exec-2] DEBUG org.hibernate.SQL - 
    select
        h1_0.id,
        h1_0.address,
        h1_0.approved_date,
        h1_0.created_at,
        h1_0.national_id,
        h1_0.proof_of_ownership_url,
        h1_0.updated_at,
        h1_0.user_id 
    from
        house_renters h1_0 
    where
        h1_0.user_id=?
2025-08-12 08:41:47 [http-nio-8080-exec-2] DEBUG org.hibernate.SQL - 
    select
        h1_0.id,
        h1_0.address,
        h1_0.approved_date,
        h1_0.created_at,
        h1_0.national_id,
        h1_0.proof_of_ownership_url,
        h1_0.updated_at,
        h1_0.user_id 
    from
        house_renters h1_0 
    where
        h1_0.user_id=?
2025-08-12 08:41:47 [http-nio-8080-exec-2] DEBUG org.hibernate.SQL - 
    select
        h1_0.id,
        h1_0.address,
        h1_0.approved_date,
        h1_0.created_at,
        h1_0.national_id,
        h1_0.proof_of_ownership_url,
        h1_0.updated_at,
        h1_0.user_id 
    from
        house_renters h1_0 
    where
        h1_0.user_id=?
2025-08-12 08:41:48 [http-nio-8080-exec-1] DEBUG org.hibernate.SQL - 
    /* <criteria> */ select
        u1_0.id,
        u1_0.active,
        u1_0.address,
        u1_0.img,
        u1_0.birth_date,
        u1_0.created_at,
        u1_0.email,
        u1_0.facebook_account_id,
        u1_0.full_name,
        u1_0.google_account_id,
        u1_0.password,
        u1_0.phone,
        u1_0.role_id,
        u1_0.updated_at,
        u1_0.username 
    from
        users u1_0 
    where
        u1_0.email=?
2025-08-12 08:41:48 [http-nio-8080-exec-1] DEBUG org.hibernate.SQL - 
    select
        h1_0.id,
        h1_0.address,
        h1_0.approved_date,
        h1_0.created_at,
        h1_0.national_id,
        h1_0.proof_of_ownership_url,
        h1_0.updated_at,
        h1_0.user_id 
    from
        house_renters h1_0 
    where
        h1_0.user_id=?
2025-08-12 08:41:48 [http-nio-8080-exec-1] DEBUG org.hibernate.SQL - 
    select
        r1_0.id,
        r1_0.name 
    from
        roles r1_0 
    where
        r1_0.id=?
2025-08-12 08:41:49 [http-nio-8080-exec-4] DEBUG org.hibernate.SQL - 
    /* <criteria> */ select
        u1_0.id,
        u1_0.active,
        u1_0.address,
        u1_0.img,
        u1_0.birth_date,
        u1_0.created_at,
        u1_0.email,
        u1_0.facebook_account_id,
        u1_0.full_name,
        u1_0.google_account_id,
        u1_0.password,
        u1_0.phone,
        u1_0.role_id,
        u1_0.updated_at,
        u1_0.username 
    from
        users u1_0 
    where
        u1_0.email=?
2025-08-12 08:41:49 [http-nio-8080-exec-4] DEBUG org.hibernate.SQL - 
    select
        h1_0.id,
        h1_0.address,
        h1_0.approved_date,
        h1_0.created_at,
        h1_0.national_id,
        h1_0.proof_of_ownership_url,
        h1_0.updated_at,
        h1_0.user_id 
    from
        house_renters h1_0 
    where
        h1_0.user_id=?
2025-08-12 08:41:49 [http-nio-8080-exec-4] DEBUG org.hibernate.SQL - 
    select
        r1_0.id,
        r1_0.name 
    from
        roles r1_0 
    where
        r1_0.id=?
2025-08-12 08:41:50 [http-nio-8080-exec-7] DEBUG org.hibernate.SQL - 
    /* <criteria> */ select
        u1_0.id,
        u1_0.active,
        u1_0.address,
        u1_0.img,
        u1_0.birth_date,
        u1_0.created_at,
        u1_0.email,
        u1_0.facebook_account_id,
        u1_0.full_name,
        u1_0.google_account_id,
        u1_0.password,
        u1_0.phone,
        u1_0.role_id,
        u1_0.updated_at,
        u1_0.username 
    from
        users u1_0 
    where
        u1_0.email=?
2025-08-12 08:41:50 [http-nio-8080-exec-7] DEBUG org.hibernate.SQL - 
    select
        h1_0.id,
        h1_0.address,
        h1_0.approved_date,
        h1_0.created_at,
        h1_0.national_id,
        h1_0.proof_of_ownership_url,
        h1_0.updated_at,
        h1_0.user_id 
    from
        house_renters h1_0 
    where
        h1_0.user_id=?
2025-08-12 08:41:50 [http-nio-8080-exec-7] DEBUG org.hibernate.SQL - 
    select
        r1_0.id,
        r1_0.name 
    from
        roles r1_0 
    where
        r1_0.id=?
2025-08-12 08:41:50 [http-nio-8080-exec-7] DEBUG org.hibernate.SQL - 
    /* <criteria> */ select
        u1_0.id,
        u1_0.active,
        u1_0.address,
        u1_0.img,
        u1_0.birth_date,
        u1_0.created_at,
        u1_0.email,
        u1_0.facebook_account_id,
        u1_0.full_name,
        u1_0.google_account_id,
        u1_0.password,
        u1_0.phone,
        u1_0.role_id,
        u1_0.updated_at,
        u1_0.username 
    from
        users u1_0 
    left join
        roles r1_0 
            on r1_0.id=u1_0.role_id 
    where
        r1_0.name!=? 
    order by
        u1_0.id desc limit ?,
        ?
2025-08-12 08:41:50 [http-nio-8080-exec-7] DEBUG org.hibernate.SQL - 
    select
        h1_0.id,
        h1_0.address,
        h1_0.approved_date,
        h1_0.created_at,
        h1_0.national_id,
        h1_0.proof_of_ownership_url,
        h1_0.updated_at,
        h1_0.user_id 
    from
        house_renters h1_0 
    where
        h1_0.user_id=?
2025-08-12 08:41:50 [http-nio-8080-exec-7] DEBUG org.hibernate.SQL - 
    select
        r1_0.id,
        r1_0.name 
    from
        roles r1_0 
    where
        r1_0.id=?
2025-08-12 08:41:50 [http-nio-8080-exec-7] DEBUG org.hibernate.SQL - 
    select
        h1_0.id,
        h1_0.address,
        h1_0.approved_date,
        h1_0.created_at,
        h1_0.national_id,
        h1_0.proof_of_ownership_url,
        h1_0.updated_at,
        h1_0.user_id 
    from
        house_renters h1_0 
    where
        h1_0.user_id=?
2025-08-12 08:41:50 [http-nio-8080-exec-7] DEBUG org.hibernate.SQL - 
    select
        h1_0.id,
        h1_0.address,
        h1_0.approved_date,
        h1_0.created_at,
        h1_0.national_id,
        h1_0.proof_of_ownership_url,
        h1_0.updated_at,
        h1_0.user_id 
    from
        house_renters h1_0 
    where
        h1_0.user_id=?
2025-08-12 08:41:50 [http-nio-8080-exec-7] DEBUG org.hibernate.SQL - 
    select
        h1_0.id,
        h1_0.address,
        h1_0.approved_date,
        h1_0.created_at,
        h1_0.national_id,
        h1_0.proof_of_ownership_url,
        h1_0.updated_at,
        h1_0.user_id 
    from
        house_renters h1_0 
    where
        h1_0.user_id=?
2025-08-12 08:41:50 [http-nio-8080-exec-5] DEBUG org.hibernate.SQL - 
    /* <criteria> */ select
        u1_0.id,
        u1_0.active,
        u1_0.address,
        u1_0.img,
        u1_0.birth_date,
        u1_0.created_at,
        u1_0.email,
        u1_0.facebook_account_id,
        u1_0.full_name,
        u1_0.google_account_id,
        u1_0.password,
        u1_0.phone,
        u1_0.role_id,
        u1_0.updated_at,
        u1_0.username 
    from
        users u1_0 
    where
        u1_0.email=?
2025-08-12 08:41:50 [http-nio-8080-exec-5] DEBUG org.hibernate.SQL - 
    select
        h1_0.id,
        h1_0.address,
        h1_0.approved_date,
        h1_0.created_at,
        h1_0.national_id,
        h1_0.proof_of_ownership_url,
        h1_0.updated_at,
        h1_0.user_id 
    from
        house_renters h1_0 
    where
        h1_0.user_id=?
2025-08-12 08:41:50 [http-nio-8080-exec-5] DEBUG org.hibernate.SQL - 
    select
        r1_0.id,
        r1_0.name 
    from
        roles r1_0 
    where
        r1_0.id=?
2025-08-12 08:41:50 [http-nio-8080-exec-5] DEBUG org.hibernate.SQL - 
    /* <criteria> */ select
        u1_0.id,
        u1_0.active,
        u1_0.address,
        u1_0.img,
        u1_0.birth_date,
        u1_0.created_at,
        u1_0.email,
        u1_0.facebook_account_id,
        u1_0.full_name,
        u1_0.google_account_id,
        u1_0.password,
        u1_0.phone,
        u1_0.role_id,
        u1_0.updated_at,
        u1_0.username 
    from
        users u1_0 
    left join
        roles r1_0 
            on r1_0.id=u1_0.role_id 
    where
        r1_0.name!=? 
    order by
        u1_0.id desc limit ?,
        ?
2025-08-12 08:41:50 [http-nio-8080-exec-5] DEBUG org.hibernate.SQL - 
    select
        h1_0.id,
        h1_0.address,
        h1_0.approved_date,
        h1_0.created_at,
        h1_0.national_id,
        h1_0.proof_of_ownership_url,
        h1_0.updated_at,
        h1_0.user_id 
    from
        house_renters h1_0 
    where
        h1_0.user_id=?
2025-08-12 08:41:50 [http-nio-8080-exec-5] DEBUG org.hibernate.SQL - 
    select
        r1_0.id,
        r1_0.name 
    from
        roles r1_0 
    where
        r1_0.id=?
2025-08-12 08:41:50 [http-nio-8080-exec-5] DEBUG org.hibernate.SQL - 
    select
        h1_0.id,
        h1_0.address,
        h1_0.approved_date,
        h1_0.created_at,
        h1_0.national_id,
        h1_0.proof_of_ownership_url,
        h1_0.updated_at,
        h1_0.user_id 
    from
        house_renters h1_0 
    where
        h1_0.user_id=?
2025-08-12 08:41:50 [http-nio-8080-exec-5] DEBUG org.hibernate.SQL - 
    select
        h1_0.id,
        h1_0.address,
        h1_0.approved_date,
        h1_0.created_at,
        h1_0.national_id,
        h1_0.proof_of_ownership_url,
        h1_0.updated_at,
        h1_0.user_id 
    from
        house_renters h1_0 
    where
        h1_0.user_id=?
2025-08-12 08:41:50 [http-nio-8080-exec-5] DEBUG org.hibernate.SQL - 
    select
        h1_0.id,
        h1_0.address,
        h1_0.approved_date,
        h1_0.created_at,
        h1_0.national_id,
        h1_0.proof_of_ownership_url,
        h1_0.updated_at,
        h1_0.user_id 
    from
        house_renters h1_0 
    where
        h1_0.user_id=?
2025-08-12 08:41:53 [http-nio-8080-exec-9] DEBUG org.hibernate.SQL - 
    /* <criteria> */ select
        u1_0.id,
        u1_0.active,
        u1_0.address,
        u1_0.img,
        u1_0.birth_date,
        u1_0.created_at,
        u1_0.email,
        u1_0.facebook_account_id,
        u1_0.full_name,
        u1_0.google_account_id,
        u1_0.password,
        u1_0.phone,
        u1_0.role_id,
        u1_0.updated_at,
        u1_0.username 
    from
        users u1_0 
    where
        u1_0.email=?
2025-08-12 08:41:53 [http-nio-8080-exec-9] DEBUG org.hibernate.SQL - 
    select
        h1_0.id,
        h1_0.address,
        h1_0.approved_date,
        h1_0.created_at,
        h1_0.national_id,
        h1_0.proof_of_ownership_url,
        h1_0.updated_at,
        h1_0.user_id 
    from
        house_renters h1_0 
    where
        h1_0.user_id=?
2025-08-12 08:41:53 [http-nio-8080-exec-9] DEBUG org.hibernate.SQL - 
    select
        r1_0.id,
        r1_0.name 
    from
        roles r1_0 
    where
        r1_0.id=?
2025-08-12 08:41:53 [http-nio-8080-exec-2] DEBUG org.hibernate.SQL - 
    /* <criteria> */ select
        u1_0.id,
        u1_0.active,
        u1_0.address,
        u1_0.img,
        u1_0.birth_date,
        u1_0.created_at,
        u1_0.email,
        u1_0.facebook_account_id,
        u1_0.full_name,
        u1_0.google_account_id,
        u1_0.password,
        u1_0.phone,
        u1_0.role_id,
        u1_0.updated_at,
        u1_0.username 
    from
        users u1_0 
    where
        u1_0.email=?
2025-08-12 08:41:53 [http-nio-8080-exec-2] DEBUG org.hibernate.SQL - 
    select
        h1_0.id,
        h1_0.address,
        h1_0.approved_date,
        h1_0.created_at,
        h1_0.national_id,
        h1_0.proof_of_ownership_url,
        h1_0.updated_at,
        h1_0.user_id 
    from
        house_renters h1_0 
    where
        h1_0.user_id=?
2025-08-12 08:41:53 [http-nio-8080-exec-2] DEBUG org.hibernate.SQL - 
    select
        r1_0.id,
        r1_0.name 
    from
        roles r1_0 
    where
        r1_0.id=?
2025-08-12 08:41:54 [http-nio-8080-exec-1] DEBUG org.hibernate.SQL - 
    /* <criteria> */ select
        u1_0.id,
        u1_0.active,
        u1_0.address,
        u1_0.img,
        u1_0.birth_date,
        u1_0.created_at,
        u1_0.email,
        u1_0.facebook_account_id,
        u1_0.full_name,
        u1_0.google_account_id,
        u1_0.password,
        u1_0.phone,
        u1_0.role_id,
        u1_0.updated_at,
        u1_0.username 
    from
        users u1_0 
    where
        u1_0.email=?
2025-08-12 08:41:54 [http-nio-8080-exec-1] DEBUG org.hibernate.SQL - 
    select
        h1_0.id,
        h1_0.address,
        h1_0.approved_date,
        h1_0.created_at,
        h1_0.national_id,
        h1_0.proof_of_ownership_url,
        h1_0.updated_at,
        h1_0.user_id 
    from
        house_renters h1_0 
    where
        h1_0.user_id=?
2025-08-12 08:41:54 [http-nio-8080-exec-1] DEBUG org.hibernate.SQL - 
    select
        r1_0.id,
        r1_0.name 
    from
        roles r1_0 
    where
        r1_0.id=?
2025-08-12 08:41:54 [http-nio-8080-exec-1] DEBUG org.hibernate.SQL - 
    /* <criteria> */ select
        u1_0.id,
        u1_0.active,
        u1_0.address,
        u1_0.img,
        u1_0.birth_date,
        u1_0.created_at,
        u1_0.email,
        u1_0.facebook_account_id,
        u1_0.full_name,
        u1_0.google_account_id,
        u1_0.password,
        u1_0.phone,
        u1_0.role_id,
        u1_0.updated_at,
        u1_0.username 
    from
        users u1_0 
    left join
        roles r1_0 
            on r1_0.id=u1_0.role_id 
    where
        r1_0.name!=? 
    order by
        u1_0.id desc limit ?,
        ?
2025-08-12 08:41:54 [http-nio-8080-exec-1] DEBUG org.hibernate.SQL - 
    select
        h1_0.id,
        h1_0.address,
        h1_0.approved_date,
        h1_0.created_at,
        h1_0.national_id,
        h1_0.proof_of_ownership_url,
        h1_0.updated_at,
        h1_0.user_id 
    from
        house_renters h1_0 
    where
        h1_0.user_id=?
2025-08-12 08:41:54 [http-nio-8080-exec-1] DEBUG org.hibernate.SQL - 
    select
        r1_0.id,
        r1_0.name 
    from
        roles r1_0 
    where
        r1_0.id=?
2025-08-12 08:41:54 [http-nio-8080-exec-1] DEBUG org.hibernate.SQL - 
    select
        h1_0.id,
        h1_0.address,
        h1_0.approved_date,
        h1_0.created_at,
        h1_0.national_id,
        h1_0.proof_of_ownership_url,
        h1_0.updated_at,
        h1_0.user_id 
    from
        house_renters h1_0 
    where
        h1_0.user_id=?
2025-08-12 08:41:54 [http-nio-8080-exec-1] DEBUG org.hibernate.SQL - 
    select
        h1_0.id,
        h1_0.address,
        h1_0.approved_date,
        h1_0.created_at,
        h1_0.national_id,
        h1_0.proof_of_ownership_url,
        h1_0.updated_at,
        h1_0.user_id 
    from
        house_renters h1_0 
    where
        h1_0.user_id=?
2025-08-12 08:41:54 [http-nio-8080-exec-1] DEBUG org.hibernate.SQL - 
    select
        h1_0.id,
        h1_0.address,
        h1_0.approved_date,
        h1_0.created_at,
        h1_0.national_id,
        h1_0.proof_of_ownership_url,
        h1_0.updated_at,
        h1_0.user_id 
    from
        house_renters h1_0 
    where
        h1_0.user_id=?
2025-08-12 08:41:54 [http-nio-8080-exec-4] DEBUG org.hibernate.SQL - 
    /* <criteria> */ select
        u1_0.id,
        u1_0.active,
        u1_0.address,
        u1_0.img,
        u1_0.birth_date,
        u1_0.created_at,
        u1_0.email,
        u1_0.facebook_account_id,
        u1_0.full_name,
        u1_0.google_account_id,
        u1_0.password,
        u1_0.phone,
        u1_0.role_id,
        u1_0.updated_at,
        u1_0.username 
    from
        users u1_0 
    where
        u1_0.email=?
2025-08-12 08:41:54 [http-nio-8080-exec-4] DEBUG org.hibernate.SQL - 
    select
        h1_0.id,
        h1_0.address,
        h1_0.approved_date,
        h1_0.created_at,
        h1_0.national_id,
        h1_0.proof_of_ownership_url,
        h1_0.updated_at,
        h1_0.user_id 
    from
        house_renters h1_0 
    where
        h1_0.user_id=?
2025-08-12 08:41:54 [http-nio-8080-exec-4] DEBUG org.hibernate.SQL - 
    select
        r1_0.id,
        r1_0.name 
    from
        roles r1_0 
    where
        r1_0.id=?
2025-08-12 08:41:54 [http-nio-8080-exec-4] DEBUG org.hibernate.SQL - 
    /* <criteria> */ select
        u1_0.id,
        u1_0.active,
        u1_0.address,
        u1_0.img,
        u1_0.birth_date,
        u1_0.created_at,
        u1_0.email,
        u1_0.facebook_account_id,
        u1_0.full_name,
        u1_0.google_account_id,
        u1_0.password,
        u1_0.phone,
        u1_0.role_id,
        u1_0.updated_at,
        u1_0.username 
    from
        users u1_0 
    left join
        roles r1_0 
            on r1_0.id=u1_0.role_id 
    where
        r1_0.name!=? 
    order by
        u1_0.id desc limit ?,
        ?
2025-08-12 08:41:54 [http-nio-8080-exec-4] DEBUG org.hibernate.SQL - 
    select
        h1_0.id,
        h1_0.address,
        h1_0.approved_date,
        h1_0.created_at,
        h1_0.national_id,
        h1_0.proof_of_ownership_url,
        h1_0.updated_at,
        h1_0.user_id 
    from
        house_renters h1_0 
    where
        h1_0.user_id=?
2025-08-12 08:41:54 [http-nio-8080-exec-4] DEBUG org.hibernate.SQL - 
    select
        r1_0.id,
        r1_0.name 
    from
        roles r1_0 
    where
        r1_0.id=?
2025-08-12 08:41:54 [http-nio-8080-exec-4] DEBUG org.hibernate.SQL - 
    select
        h1_0.id,
        h1_0.address,
        h1_0.approved_date,
        h1_0.created_at,
        h1_0.national_id,
        h1_0.proof_of_ownership_url,
        h1_0.updated_at,
        h1_0.user_id 
    from
        house_renters h1_0 
    where
        h1_0.user_id=?
2025-08-12 08:41:54 [http-nio-8080-exec-4] DEBUG org.hibernate.SQL - 
    select
        h1_0.id,
        h1_0.address,
        h1_0.approved_date,
        h1_0.created_at,
        h1_0.national_id,
        h1_0.proof_of_ownership_url,
        h1_0.updated_at,
        h1_0.user_id 
    from
        house_renters h1_0 
    where
        h1_0.user_id=?
2025-08-12 08:41:54 [http-nio-8080-exec-4] DEBUG org.hibernate.SQL - 
    select
        h1_0.id,
        h1_0.address,
        h1_0.approved_date,
        h1_0.created_at,
        h1_0.national_id,
        h1_0.proof_of_ownership_url,
        h1_0.updated_at,
        h1_0.user_id 
    from
        house_renters h1_0 
    where
        h1_0.user_id=?
2025-08-12 08:41:56 [http-nio-8080-exec-8] DEBUG org.hibernate.SQL - 
    /* <criteria> */ select
        u1_0.id,
        u1_0.active,
        u1_0.address,
        u1_0.img,
        u1_0.birth_date,
        u1_0.created_at,
        u1_0.email,
        u1_0.facebook_account_id,
        u1_0.full_name,
        u1_0.google_account_id,
        u1_0.password,
        u1_0.phone,
        u1_0.role_id,
        u1_0.updated_at,
        u1_0.username 
    from
        users u1_0 
    where
        u1_0.email=?
2025-08-12 08:41:56 [http-nio-8080-exec-8] DEBUG org.hibernate.SQL - 
    select
        h1_0.id,
        h1_0.address,
        h1_0.approved_date,
        h1_0.created_at,
        h1_0.national_id,
        h1_0.proof_of_ownership_url,
        h1_0.updated_at,
        h1_0.user_id 
    from
        house_renters h1_0 
    where
        h1_0.user_id=?
2025-08-12 08:41:56 [http-nio-8080-exec-8] DEBUG org.hibernate.SQL - 
    select
        r1_0.id,
        r1_0.name 
    from
        roles r1_0 
    where
        r1_0.id=?
2025-08-12 08:41:56 [http-nio-8080-exec-6] DEBUG org.hibernate.SQL - 
    /* <criteria> */ select
        u1_0.id,
        u1_0.active,
        u1_0.address,
        u1_0.img,
        u1_0.birth_date,
        u1_0.created_at,
        u1_0.email,
        u1_0.facebook_account_id,
        u1_0.full_name,
        u1_0.google_account_id,
        u1_0.password,
        u1_0.phone,
        u1_0.role_id,
        u1_0.updated_at,
        u1_0.username 
    from
        users u1_0 
    where
        u1_0.email=?
2025-08-12 08:41:56 [http-nio-8080-exec-6] DEBUG org.hibernate.SQL - 
    select
        h1_0.id,
        h1_0.address,
        h1_0.approved_date,
        h1_0.created_at,
        h1_0.national_id,
        h1_0.proof_of_ownership_url,
        h1_0.updated_at,
        h1_0.user_id 
    from
        house_renters h1_0 
    where
        h1_0.user_id=?
2025-08-12 08:41:56 [http-nio-8080-exec-6] DEBUG org.hibernate.SQL - 
    select
        r1_0.id,
        r1_0.name 
    from
        roles r1_0 
    where
        r1_0.id=?
2025-08-12 08:41:59 [http-nio-8080-exec-3] DEBUG org.hibernate.SQL - 
    /* <criteria> */ select
        u1_0.id,
        u1_0.active,
        u1_0.address,
        u1_0.img,
        u1_0.birth_date,
        u1_0.created_at,
        u1_0.email,
        u1_0.facebook_account_id,
        u1_0.full_name,
        u1_0.google_account_id,
        u1_0.password,
        u1_0.phone,
        u1_0.role_id,
        u1_0.updated_at,
        u1_0.username 
    from
        users u1_0 
    where
        u1_0.email=?
2025-08-12 08:41:59 [http-nio-8080-exec-3] DEBUG org.hibernate.SQL - 
    select
        h1_0.id,
        h1_0.address,
        h1_0.approved_date,
        h1_0.created_at,
        h1_0.national_id,
        h1_0.proof_of_ownership_url,
        h1_0.updated_at,
        h1_0.user_id 
    from
        house_renters h1_0 
    where
        h1_0.user_id=?
2025-08-12 08:41:59 [http-nio-8080-exec-3] DEBUG org.hibernate.SQL - 
    select
        r1_0.id,
        r1_0.name 
    from
        roles r1_0 
    where
        r1_0.id=?
2025-08-12 08:41:59 [http-nio-8080-exec-3] DEBUG org.hibernate.SQL - 
    /* <criteria> */ select
        u1_0.id,
        u1_0.active,
        u1_0.address,
        u1_0.img,
        u1_0.birth_date,
        u1_0.created_at,
        u1_0.email,
        u1_0.facebook_account_id,
        u1_0.full_name,
        u1_0.google_account_id,
        u1_0.password,
        u1_0.phone,
        u1_0.role_id,
        u1_0.updated_at,
        u1_0.username 
    from
        users u1_0 
    left join
        roles r1_0 
            on r1_0.id=u1_0.role_id 
    where
        r1_0.name!=? 
    order by
        u1_0.id desc limit ?,
        ?
2025-08-12 08:41:59 [http-nio-8080-exec-3] DEBUG org.hibernate.SQL - 
    select
        h1_0.id,
        h1_0.address,
        h1_0.approved_date,
        h1_0.created_at,
        h1_0.national_id,
        h1_0.proof_of_ownership_url,
        h1_0.updated_at,
        h1_0.user_id 
    from
        house_renters h1_0 
    where
        h1_0.user_id=?
2025-08-12 08:41:59 [http-nio-8080-exec-3] DEBUG org.hibernate.SQL - 
    select
        r1_0.id,
        r1_0.name 
    from
        roles r1_0 
    where
        r1_0.id=?
2025-08-12 08:41:59 [http-nio-8080-exec-3] DEBUG org.hibernate.SQL - 
    select
        h1_0.id,
        h1_0.address,
        h1_0.approved_date,
        h1_0.created_at,
        h1_0.national_id,
        h1_0.proof_of_ownership_url,
        h1_0.updated_at,
        h1_0.user_id 
    from
        house_renters h1_0 
    where
        h1_0.user_id=?
2025-08-12 08:41:59 [http-nio-8080-exec-3] DEBUG org.hibernate.SQL - 
    select
        h1_0.id,
        h1_0.address,
        h1_0.approved_date,
        h1_0.created_at,
        h1_0.national_id,
        h1_0.proof_of_ownership_url,
        h1_0.updated_at,
        h1_0.user_id 
    from
        house_renters h1_0 
    where
        h1_0.user_id=?
2025-08-12 08:41:59 [http-nio-8080-exec-3] DEBUG org.hibernate.SQL - 
    select
        h1_0.id,
        h1_0.address,
        h1_0.approved_date,
        h1_0.created_at,
        h1_0.national_id,
        h1_0.proof_of_ownership_url,
        h1_0.updated_at,
        h1_0.user_id 
    from
        house_renters h1_0 
    where
        h1_0.user_id=?
2025-08-12 08:41:59 [http-nio-8080-exec-10] DEBUG org.hibernate.SQL - 
    /* <criteria> */ select
        u1_0.id,
        u1_0.active,
        u1_0.address,
        u1_0.img,
        u1_0.birth_date,
        u1_0.created_at,
        u1_0.email,
        u1_0.facebook_account_id,
        u1_0.full_name,
        u1_0.google_account_id,
        u1_0.password,
        u1_0.phone,
        u1_0.role_id,
        u1_0.updated_at,
        u1_0.username 
    from
        users u1_0 
    where
        u1_0.email=?
2025-08-12 08:41:59 [http-nio-8080-exec-10] DEBUG org.hibernate.SQL - 
    select
        h1_0.id,
        h1_0.address,
        h1_0.approved_date,
        h1_0.created_at,
        h1_0.national_id,
        h1_0.proof_of_ownership_url,
        h1_0.updated_at,
        h1_0.user_id 
    from
        house_renters h1_0 
    where
        h1_0.user_id=?
2025-08-12 08:41:59 [http-nio-8080-exec-10] DEBUG org.hibernate.SQL - 
    select
        r1_0.id,
        r1_0.name 
    from
        roles r1_0 
    where
        r1_0.id=?
2025-08-12 08:41:59 [http-nio-8080-exec-10] DEBUG org.hibernate.SQL - 
    /* <criteria> */ select
        u1_0.id,
        u1_0.active,
        u1_0.address,
        u1_0.img,
        u1_0.birth_date,
        u1_0.created_at,
        u1_0.email,
        u1_0.facebook_account_id,
        u1_0.full_name,
        u1_0.google_account_id,
        u1_0.password,
        u1_0.phone,
        u1_0.role_id,
        u1_0.updated_at,
        u1_0.username 
    from
        users u1_0 
    left join
        roles r1_0 
            on r1_0.id=u1_0.role_id 
    where
        r1_0.name!=? 
    order by
        u1_0.id desc limit ?,
        ?
2025-08-12 08:41:59 [http-nio-8080-exec-10] DEBUG org.hibernate.SQL - 
    select
        h1_0.id,
        h1_0.address,
        h1_0.approved_date,
        h1_0.created_at,
        h1_0.national_id,
        h1_0.proof_of_ownership_url,
        h1_0.updated_at,
        h1_0.user_id 
    from
        house_renters h1_0 
    where
        h1_0.user_id=?
2025-08-12 08:41:59 [http-nio-8080-exec-10] DEBUG org.hibernate.SQL - 
    select
        r1_0.id,
        r1_0.name 
    from
        roles r1_0 
    where
        r1_0.id=?
2025-08-12 08:41:59 [http-nio-8080-exec-10] DEBUG org.hibernate.SQL - 
    select
        h1_0.id,
        h1_0.address,
        h1_0.approved_date,
        h1_0.created_at,
        h1_0.national_id,
        h1_0.proof_of_ownership_url,
        h1_0.updated_at,
        h1_0.user_id 
    from
        house_renters h1_0 
    where
        h1_0.user_id=?
2025-08-12 08:41:59 [http-nio-8080-exec-10] DEBUG org.hibernate.SQL - 
    select
        h1_0.id,
        h1_0.address,
        h1_0.approved_date,
        h1_0.created_at,
        h1_0.national_id,
        h1_0.proof_of_ownership_url,
        h1_0.updated_at,
        h1_0.user_id 
    from
        house_renters h1_0 
    where
        h1_0.user_id=?
2025-08-12 08:41:59 [http-nio-8080-exec-10] DEBUG org.hibernate.SQL - 
    select
        h1_0.id,
        h1_0.address,
        h1_0.approved_date,
        h1_0.created_at,
        h1_0.national_id,
        h1_0.proof_of_ownership_url,
        h1_0.updated_at,
        h1_0.user_id 
    from
        house_renters h1_0 
    where
        h1_0.user_id=?
2025-08-12 08:42:02 [http-nio-8080-exec-7] DEBUG org.hibernate.SQL - 
    /* <criteria> */ select
        u1_0.id,
        u1_0.active,
        u1_0.address,
        u1_0.img,
        u1_0.birth_date,
        u1_0.created_at,
        u1_0.email,
        u1_0.facebook_account_id,
        u1_0.full_name,
        u1_0.google_account_id,
        u1_0.password,
        u1_0.phone,
        u1_0.role_id,
        u1_0.updated_at,
        u1_0.username 
    from
        users u1_0 
    where
        u1_0.email=?
2025-08-12 08:42:02 [http-nio-8080-exec-7] DEBUG org.hibernate.SQL - 
    select
        h1_0.id,
        h1_0.address,
        h1_0.approved_date,
        h1_0.created_at,
        h1_0.national_id,
        h1_0.proof_of_ownership_url,
        h1_0.updated_at,
        h1_0.user_id 
    from
        house_renters h1_0 
    where
        h1_0.user_id=?
2025-08-12 08:42:02 [http-nio-8080-exec-7] DEBUG org.hibernate.SQL - 
    select
        r1_0.id,
        r1_0.name 
    from
        roles r1_0 
    where
        r1_0.id=?
2025-08-12 08:42:02 [http-nio-8080-exec-5] DEBUG org.hibernate.SQL - 
    /* <criteria> */ select
        u1_0.id,
        u1_0.active,
        u1_0.address,
        u1_0.img,
        u1_0.birth_date,
        u1_0.created_at,
        u1_0.email,
        u1_0.facebook_account_id,
        u1_0.full_name,
        u1_0.google_account_id,
        u1_0.password,
        u1_0.phone,
        u1_0.role_id,
        u1_0.updated_at,
        u1_0.username 
    from
        users u1_0 
    where
        u1_0.email=?
2025-08-12 08:42:02 [http-nio-8080-exec-5] DEBUG org.hibernate.SQL - 
    select
        h1_0.id,
        h1_0.address,
        h1_0.approved_date,
        h1_0.created_at,
        h1_0.national_id,
        h1_0.proof_of_ownership_url,
        h1_0.updated_at,
        h1_0.user_id 
    from
        house_renters h1_0 
    where
        h1_0.user_id=?
2025-08-12 08:42:02 [http-nio-8080-exec-5] DEBUG org.hibernate.SQL - 
    select
        r1_0.id,
        r1_0.name 
    from
        roles r1_0 
    where
        r1_0.id=?
2025-08-12 08:42:04 [http-nio-8080-exec-8] DEBUG org.hibernate.SQL - 
    /* <criteria> */ select
        u1_0.id,
        u1_0.active,
        u1_0.address,
        u1_0.img,
        u1_0.birth_date,
        u1_0.created_at,
        u1_0.email,
        u1_0.facebook_account_id,
        u1_0.full_name,
        u1_0.google_account_id,
        u1_0.password,
        u1_0.phone,
        u1_0.role_id,
        u1_0.updated_at,
        u1_0.username 
    from
        users u1_0 
    where
        u1_0.email=?
2025-08-12 08:42:04 [http-nio-8080-exec-8] DEBUG org.hibernate.SQL - 
    select
        h1_0.id,
        h1_0.address,
        h1_0.approved_date,
        h1_0.created_at,
        h1_0.national_id,
        h1_0.proof_of_ownership_url,
        h1_0.updated_at,
        h1_0.user_id 
    from
        house_renters h1_0 
    where
        h1_0.user_id=?
2025-08-12 08:42:04 [http-nio-8080-exec-8] DEBUG org.hibernate.SQL - 
    select
        r1_0.id,
        r1_0.name 
    from
        roles r1_0 
    where
        r1_0.id=?
2025-08-12 08:42:04 [http-nio-8080-exec-8] DEBUG org.hibernate.SQL - 
    /* <criteria> */ select
        u1_0.id,
        u1_0.active,
        u1_0.address,
        u1_0.img,
        u1_0.birth_date,
        u1_0.created_at,
        u1_0.email,
        u1_0.facebook_account_id,
        u1_0.full_name,
        u1_0.google_account_id,
        u1_0.password,
        u1_0.phone,
        u1_0.role_id,
        u1_0.updated_at,
        u1_0.username 
    from
        users u1_0 
    left join
        roles r1_0 
            on r1_0.id=u1_0.role_id 
    where
        r1_0.name!=? 
    order by
        u1_0.id desc limit ?,
        ?
2025-08-12 08:42:04 [http-nio-8080-exec-8] DEBUG org.hibernate.SQL - 
    select
        h1_0.id,
        h1_0.address,
        h1_0.approved_date,
        h1_0.created_at,
        h1_0.national_id,
        h1_0.proof_of_ownership_url,
        h1_0.updated_at,
        h1_0.user_id 
    from
        house_renters h1_0 
    where
        h1_0.user_id=?
2025-08-12 08:42:04 [http-nio-8080-exec-8] DEBUG org.hibernate.SQL - 
    select
        r1_0.id,
        r1_0.name 
    from
        roles r1_0 
    where
        r1_0.id=?
2025-08-12 08:42:04 [http-nio-8080-exec-8] DEBUG org.hibernate.SQL - 
    select
        h1_0.id,
        h1_0.address,
        h1_0.approved_date,
        h1_0.created_at,
        h1_0.national_id,
        h1_0.proof_of_ownership_url,
        h1_0.updated_at,
        h1_0.user_id 
    from
        house_renters h1_0 
    where
        h1_0.user_id=?
2025-08-12 08:42:04 [http-nio-8080-exec-8] DEBUG org.hibernate.SQL - 
    select
        h1_0.id,
        h1_0.address,
        h1_0.approved_date,
        h1_0.created_at,
        h1_0.national_id,
        h1_0.proof_of_ownership_url,
        h1_0.updated_at,
        h1_0.user_id 
    from
        house_renters h1_0 
    where
        h1_0.user_id=?
2025-08-12 08:42:04 [http-nio-8080-exec-8] DEBUG org.hibernate.SQL - 
    select
        h1_0.id,
        h1_0.address,
        h1_0.approved_date,
        h1_0.created_at,
        h1_0.national_id,
        h1_0.proof_of_ownership_url,
        h1_0.updated_at,
        h1_0.user_id 
    from
        house_renters h1_0 
    where
        h1_0.user_id=?
2025-08-12 08:42:04 [http-nio-8080-exec-6] DEBUG org.hibernate.SQL - 
    /* <criteria> */ select
        u1_0.id,
        u1_0.active,
        u1_0.address,
        u1_0.img,
        u1_0.birth_date,
        u1_0.created_at,
        u1_0.email,
        u1_0.facebook_account_id,
        u1_0.full_name,
        u1_0.google_account_id,
        u1_0.password,
        u1_0.phone,
        u1_0.role_id,
        u1_0.updated_at,
        u1_0.username 
    from
        users u1_0 
    where
        u1_0.email=?
2025-08-12 08:42:04 [http-nio-8080-exec-6] DEBUG org.hibernate.SQL - 
    select
        h1_0.id,
        h1_0.address,
        h1_0.approved_date,
        h1_0.created_at,
        h1_0.national_id,
        h1_0.proof_of_ownership_url,
        h1_0.updated_at,
        h1_0.user_id 
    from
        house_renters h1_0 
    where
        h1_0.user_id=?
2025-08-12 08:42:04 [http-nio-8080-exec-6] DEBUG org.hibernate.SQL - 
    select
        r1_0.id,
        r1_0.name 
    from
        roles r1_0 
    where
        r1_0.id=?
2025-08-12 08:42:04 [http-nio-8080-exec-6] DEBUG org.hibernate.SQL - 
    /* <criteria> */ select
        u1_0.id,
        u1_0.active,
        u1_0.address,
        u1_0.img,
        u1_0.birth_date,
        u1_0.created_at,
        u1_0.email,
        u1_0.facebook_account_id,
        u1_0.full_name,
        u1_0.google_account_id,
        u1_0.password,
        u1_0.phone,
        u1_0.role_id,
        u1_0.updated_at,
        u1_0.username 
    from
        users u1_0 
    left join
        roles r1_0 
            on r1_0.id=u1_0.role_id 
    where
        r1_0.name!=? 
    order by
        u1_0.id desc limit ?,
        ?
2025-08-12 08:42:04 [http-nio-8080-exec-6] DEBUG org.hibernate.SQL - 
    select
        h1_0.id,
        h1_0.address,
        h1_0.approved_date,
        h1_0.created_at,
        h1_0.national_id,
        h1_0.proof_of_ownership_url,
        h1_0.updated_at,
        h1_0.user_id 
    from
        house_renters h1_0 
    where
        h1_0.user_id=?
2025-08-12 08:42:04 [http-nio-8080-exec-6] DEBUG org.hibernate.SQL - 
    select
        r1_0.id,
        r1_0.name 
    from
        roles r1_0 
    where
        r1_0.id=?
2025-08-12 08:42:04 [http-nio-8080-exec-6] DEBUG org.hibernate.SQL - 
    select
        h1_0.id,
        h1_0.address,
        h1_0.approved_date,
        h1_0.created_at,
        h1_0.national_id,
        h1_0.proof_of_ownership_url,
        h1_0.updated_at,
        h1_0.user_id 
    from
        house_renters h1_0 
    where
        h1_0.user_id=?
2025-08-12 08:42:04 [http-nio-8080-exec-6] DEBUG org.hibernate.SQL - 
    select
        h1_0.id,
        h1_0.address,
        h1_0.approved_date,
        h1_0.created_at,
        h1_0.national_id,
        h1_0.proof_of_ownership_url,
        h1_0.updated_at,
        h1_0.user_id 
    from
        house_renters h1_0 
    where
        h1_0.user_id=?
2025-08-12 08:42:04 [http-nio-8080-exec-6] DEBUG org.hibernate.SQL - 
    select
        h1_0.id,
        h1_0.address,
        h1_0.approved_date,
        h1_0.created_at,
        h1_0.national_id,
        h1_0.proof_of_ownership_url,
        h1_0.updated_at,
        h1_0.user_id 
    from
        house_renters h1_0 
    where
        h1_0.user_id=?
2025-08-12 08:42:06 [http-nio-8080-exec-9] DEBUG org.hibernate.SQL - 
    /* <criteria> */ select
        u1_0.id,
        u1_0.active,
        u1_0.address,
        u1_0.img,
        u1_0.birth_date,
        u1_0.created_at,
        u1_0.email,
        u1_0.facebook_account_id,
        u1_0.full_name,
        u1_0.google_account_id,
        u1_0.password,
        u1_0.phone,
        u1_0.role_id,
        u1_0.updated_at,
        u1_0.username 
    from
        users u1_0 
    where
        u1_0.email=?
2025-08-12 08:42:06 [http-nio-8080-exec-9] DEBUG org.hibernate.SQL - 
    select
        h1_0.id,
        h1_0.address,
        h1_0.approved_date,
        h1_0.created_at,
        h1_0.national_id,
        h1_0.proof_of_ownership_url,
        h1_0.updated_at,
        h1_0.user_id 
    from
        house_renters h1_0 
    where
        h1_0.user_id=?
2025-08-12 08:42:06 [http-nio-8080-exec-9] DEBUG org.hibernate.SQL - 
    select
        r1_0.id,
        r1_0.name 
    from
        roles r1_0 
    where
        r1_0.id=?
2025-08-12 08:42:06 [http-nio-8080-exec-2] DEBUG org.hibernate.SQL - 
    /* <criteria> */ select
        u1_0.id,
        u1_0.active,
        u1_0.address,
        u1_0.img,
        u1_0.birth_date,
        u1_0.created_at,
        u1_0.email,
        u1_0.facebook_account_id,
        u1_0.full_name,
        u1_0.google_account_id,
        u1_0.password,
        u1_0.phone,
        u1_0.role_id,
        u1_0.updated_at,
        u1_0.username 
    from
        users u1_0 
    where
        u1_0.email=?
2025-08-12 08:42:06 [http-nio-8080-exec-2] DEBUG org.hibernate.SQL - 
    select
        h1_0.id,
        h1_0.address,
        h1_0.approved_date,
        h1_0.created_at,
        h1_0.national_id,
        h1_0.proof_of_ownership_url,
        h1_0.updated_at,
        h1_0.user_id 
    from
        house_renters h1_0 
    where
        h1_0.user_id=?
2025-08-12 08:42:06 [http-nio-8080-exec-2] DEBUG org.hibernate.SQL - 
    select
        r1_0.id,
        r1_0.name 
    from
        roles r1_0 
    where
        r1_0.id=?
2025-08-12 08:42:07 [http-nio-8080-exec-4] DEBUG org.hibernate.SQL - 
    /* <criteria> */ select
        u1_0.id,
        u1_0.active,
        u1_0.address,
        u1_0.img,
        u1_0.birth_date,
        u1_0.created_at,
        u1_0.email,
        u1_0.facebook_account_id,
        u1_0.full_name,
        u1_0.google_account_id,
        u1_0.password,
        u1_0.phone,
        u1_0.role_id,
        u1_0.updated_at,
        u1_0.username 
    from
        users u1_0 
    where
        u1_0.email=?
2025-08-12 08:42:07 [http-nio-8080-exec-4] DEBUG org.hibernate.SQL - 
    select
        h1_0.id,
        h1_0.address,
        h1_0.approved_date,
        h1_0.created_at,
        h1_0.national_id,
        h1_0.proof_of_ownership_url,
        h1_0.updated_at,
        h1_0.user_id 
    from
        house_renters h1_0 
    where
        h1_0.user_id=?
2025-08-12 08:42:07 [http-nio-8080-exec-4] DEBUG org.hibernate.SQL - 
    select
        r1_0.id,
        r1_0.name 
    from
        roles r1_0 
    where
        r1_0.id=?
2025-08-12 08:42:07 [http-nio-8080-exec-4] DEBUG org.hibernate.SQL - 
    /* <criteria> */ select
        u1_0.id,
        u1_0.active,
        u1_0.address,
        u1_0.img,
        u1_0.birth_date,
        u1_0.created_at,
        u1_0.email,
        u1_0.facebook_account_id,
        u1_0.full_name,
        u1_0.google_account_id,
        u1_0.password,
        u1_0.phone,
        u1_0.role_id,
        u1_0.updated_at,
        u1_0.username 
    from
        users u1_0 
    left join
        roles r1_0 
            on r1_0.id=u1_0.role_id 
    where
        r1_0.name!=? 
    order by
        u1_0.id desc limit ?,
        ?
2025-08-12 08:42:07 [http-nio-8080-exec-4] DEBUG org.hibernate.SQL - 
    select
        h1_0.id,
        h1_0.address,
        h1_0.approved_date,
        h1_0.created_at,
        h1_0.national_id,
        h1_0.proof_of_ownership_url,
        h1_0.updated_at,
        h1_0.user_id 
    from
        house_renters h1_0 
    where
        h1_0.user_id=?
2025-08-12 08:42:07 [http-nio-8080-exec-4] DEBUG org.hibernate.SQL - 
    select
        r1_0.id,
        r1_0.name 
    from
        roles r1_0 
    where
        r1_0.id=?
2025-08-12 08:42:07 [http-nio-8080-exec-4] DEBUG org.hibernate.SQL - 
    select
        h1_0.id,
        h1_0.address,
        h1_0.approved_date,
        h1_0.created_at,
        h1_0.national_id,
        h1_0.proof_of_ownership_url,
        h1_0.updated_at,
        h1_0.user_id 
    from
        house_renters h1_0 
    where
        h1_0.user_id=?
2025-08-12 08:42:07 [http-nio-8080-exec-4] DEBUG org.hibernate.SQL - 
    select
        h1_0.id,
        h1_0.address,
        h1_0.approved_date,
        h1_0.created_at,
        h1_0.national_id,
        h1_0.proof_of_ownership_url,
        h1_0.updated_at,
        h1_0.user_id 
    from
        house_renters h1_0 
    where
        h1_0.user_id=?
2025-08-12 08:42:07 [http-nio-8080-exec-4] DEBUG org.hibernate.SQL - 
    select
        h1_0.id,
        h1_0.address,
        h1_0.approved_date,
        h1_0.created_at,
        h1_0.national_id,
        h1_0.proof_of_ownership_url,
        h1_0.updated_at,
        h1_0.user_id 
    from
        house_renters h1_0 
    where
        h1_0.user_id=?
2025-08-12 08:42:07 [http-nio-8080-exec-1] DEBUG org.hibernate.SQL - 
    /* <criteria> */ select
        u1_0.id,
        u1_0.active,
        u1_0.address,
        u1_0.img,
        u1_0.birth_date,
        u1_0.created_at,
        u1_0.email,
        u1_0.facebook_account_id,
        u1_0.full_name,
        u1_0.google_account_id,
        u1_0.password,
        u1_0.phone,
        u1_0.role_id,
        u1_0.updated_at,
        u1_0.username 
    from
        users u1_0 
    where
        u1_0.email=?
2025-08-12 08:42:07 [http-nio-8080-exec-1] DEBUG org.hibernate.SQL - 
    select
        h1_0.id,
        h1_0.address,
        h1_0.approved_date,
        h1_0.created_at,
        h1_0.national_id,
        h1_0.proof_of_ownership_url,
        h1_0.updated_at,
        h1_0.user_id 
    from
        house_renters h1_0 
    where
        h1_0.user_id=?
2025-08-12 08:42:07 [http-nio-8080-exec-1] DEBUG org.hibernate.SQL - 
    select
        r1_0.id,
        r1_0.name 
    from
        roles r1_0 
    where
        r1_0.id=?
2025-08-12 08:42:07 [http-nio-8080-exec-1] DEBUG org.hibernate.SQL - 
    /* <criteria> */ select
        u1_0.id,
        u1_0.active,
        u1_0.address,
        u1_0.img,
        u1_0.birth_date,
        u1_0.created_at,
        u1_0.email,
        u1_0.facebook_account_id,
        u1_0.full_name,
        u1_0.google_account_id,
        u1_0.password,
        u1_0.phone,
        u1_0.role_id,
        u1_0.updated_at,
        u1_0.username 
    from
        users u1_0 
    left join
        roles r1_0 
            on r1_0.id=u1_0.role_id 
    where
        r1_0.name!=? 
    order by
        u1_0.id desc limit ?,
        ?
2025-08-12 08:42:07 [http-nio-8080-exec-1] DEBUG org.hibernate.SQL - 
    select
        h1_0.id,
        h1_0.address,
        h1_0.approved_date,
        h1_0.created_at,
        h1_0.national_id,
        h1_0.proof_of_ownership_url,
        h1_0.updated_at,
        h1_0.user_id 
    from
        house_renters h1_0 
    where
        h1_0.user_id=?
2025-08-12 08:42:07 [http-nio-8080-exec-1] DEBUG org.hibernate.SQL - 
    select
        r1_0.id,
        r1_0.name 
    from
        roles r1_0 
    where
        r1_0.id=?
2025-08-12 08:42:07 [http-nio-8080-exec-1] DEBUG org.hibernate.SQL - 
    select
        h1_0.id,
        h1_0.address,
        h1_0.approved_date,
        h1_0.created_at,
        h1_0.national_id,
        h1_0.proof_of_ownership_url,
        h1_0.updated_at,
        h1_0.user_id 
    from
        house_renters h1_0 
    where
        h1_0.user_id=?
2025-08-12 08:42:07 [http-nio-8080-exec-1] DEBUG org.hibernate.SQL - 
    select
        h1_0.id,
        h1_0.address,
        h1_0.approved_date,
        h1_0.created_at,
        h1_0.national_id,
        h1_0.proof_of_ownership_url,
        h1_0.updated_at,
        h1_0.user_id 
    from
        house_renters h1_0 
    where
        h1_0.user_id=?
2025-08-12 08:42:07 [http-nio-8080-exec-1] DEBUG org.hibernate.SQL - 
    select
        h1_0.id,
        h1_0.address,
        h1_0.approved_date,
        h1_0.created_at,
        h1_0.national_id,
        h1_0.proof_of_ownership_url,
        h1_0.updated_at,
        h1_0.user_id 
    from
        house_renters h1_0 
    where
        h1_0.user_id=?
2025-08-12 08:42:09 [http-nio-8080-exec-8] DEBUG org.hibernate.SQL - 
    /* <criteria> */ select
        u1_0.id,
        u1_0.active,
        u1_0.address,
        u1_0.img,
        u1_0.birth_date,
        u1_0.created_at,
        u1_0.email,
        u1_0.facebook_account_id,
        u1_0.full_name,
        u1_0.google_account_id,
        u1_0.password,
        u1_0.phone,
        u1_0.role_id,
        u1_0.updated_at,
        u1_0.username 
    from
        users u1_0 
    where
        u1_0.email=?
2025-08-12 08:42:09 [http-nio-8080-exec-8] DEBUG org.hibernate.SQL - 
    select
        h1_0.id,
        h1_0.address,
        h1_0.approved_date,
        h1_0.created_at,
        h1_0.national_id,
        h1_0.proof_of_ownership_url,
        h1_0.updated_at,
        h1_0.user_id 
    from
        house_renters h1_0 
    where
        h1_0.user_id=?
2025-08-12 08:42:09 [http-nio-8080-exec-8] DEBUG org.hibernate.SQL - 
    select
        r1_0.id,
        r1_0.name 
    from
        roles r1_0 
    where
        r1_0.id=?
2025-08-12 08:42:09 [http-nio-8080-exec-6] DEBUG org.hibernate.SQL - 
    /* <criteria> */ select
        u1_0.id,
        u1_0.active,
        u1_0.address,
        u1_0.img,
        u1_0.birth_date,
        u1_0.created_at,
        u1_0.email,
        u1_0.facebook_account_id,
        u1_0.full_name,
        u1_0.google_account_id,
        u1_0.password,
        u1_0.phone,
        u1_0.role_id,
        u1_0.updated_at,
        u1_0.username 
    from
        users u1_0 
    where
        u1_0.email=?
2025-08-12 08:42:09 [http-nio-8080-exec-6] DEBUG org.hibernate.SQL - 
    select
        h1_0.id,
        h1_0.address,
        h1_0.approved_date,
        h1_0.created_at,
        h1_0.national_id,
        h1_0.proof_of_ownership_url,
        h1_0.updated_at,
        h1_0.user_id 
    from
        house_renters h1_0 
    where
        h1_0.user_id=?
2025-08-12 08:42:09 [http-nio-8080-exec-6] DEBUG org.hibernate.SQL - 
    select
        r1_0.id,
        r1_0.name 
    from
        roles r1_0 
    where
        r1_0.id=?
2025-08-12 08:42:09 [http-nio-8080-exec-9] DEBUG org.hibernate.SQL - 
    /* <criteria> */ select
        u1_0.id,
        u1_0.active,
        u1_0.address,
        u1_0.img,
        u1_0.birth_date,
        u1_0.created_at,
        u1_0.email,
        u1_0.facebook_account_id,
        u1_0.full_name,
        u1_0.google_account_id,
        u1_0.password,
        u1_0.phone,
        u1_0.role_id,
        u1_0.updated_at,
        u1_0.username 
    from
        users u1_0 
    where
        u1_0.email=?
2025-08-12 08:42:09 [http-nio-8080-exec-9] DEBUG org.hibernate.SQL - 
    select
        h1_0.id,
        h1_0.address,
        h1_0.approved_date,
        h1_0.created_at,
        h1_0.national_id,
        h1_0.proof_of_ownership_url,
        h1_0.updated_at,
        h1_0.user_id 
    from
        house_renters h1_0 
    where
        h1_0.user_id=?
2025-08-12 08:42:09 [http-nio-8080-exec-9] DEBUG org.hibernate.SQL - 
    select
        r1_0.id,
        r1_0.name 
    from
        roles r1_0 
    where
        r1_0.id=?
2025-08-12 08:42:09 [http-nio-8080-exec-9] DEBUG org.hibernate.SQL - 
    /* <criteria> */ select
        u1_0.id,
        u1_0.active,
        u1_0.address,
        u1_0.img,
        u1_0.birth_date,
        u1_0.created_at,
        u1_0.email,
        u1_0.facebook_account_id,
        u1_0.full_name,
        u1_0.google_account_id,
        u1_0.password,
        u1_0.phone,
        u1_0.role_id,
        u1_0.updated_at,
        u1_0.username 
    from
        users u1_0 
    left join
        roles r1_0 
            on r1_0.id=u1_0.role_id 
    where
        r1_0.name!=? 
    order by
        u1_0.id desc limit ?,
        ?
2025-08-12 08:42:09 [http-nio-8080-exec-9] DEBUG org.hibernate.SQL - 
    select
        h1_0.id,
        h1_0.address,
        h1_0.approved_date,
        h1_0.created_at,
        h1_0.national_id,
        h1_0.proof_of_ownership_url,
        h1_0.updated_at,
        h1_0.user_id 
    from
        house_renters h1_0 
    where
        h1_0.user_id=?
2025-08-12 08:42:09 [http-nio-8080-exec-9] DEBUG org.hibernate.SQL - 
    select
        r1_0.id,
        r1_0.name 
    from
        roles r1_0 
    where
        r1_0.id=?
2025-08-12 08:42:09 [http-nio-8080-exec-9] DEBUG org.hibernate.SQL - 
    select
        h1_0.id,
        h1_0.address,
        h1_0.approved_date,
        h1_0.created_at,
        h1_0.national_id,
        h1_0.proof_of_ownership_url,
        h1_0.updated_at,
        h1_0.user_id 
    from
        house_renters h1_0 
    where
        h1_0.user_id=?
2025-08-12 08:42:09 [http-nio-8080-exec-9] DEBUG org.hibernate.SQL - 
    select
        h1_0.id,
        h1_0.address,
        h1_0.approved_date,
        h1_0.created_at,
        h1_0.national_id,
        h1_0.proof_of_ownership_url,
        h1_0.updated_at,
        h1_0.user_id 
    from
        house_renters h1_0 
    where
        h1_0.user_id=?
2025-08-12 08:42:09 [http-nio-8080-exec-9] DEBUG org.hibernate.SQL - 
    select
        h1_0.id,
        h1_0.address,
        h1_0.approved_date,
        h1_0.created_at,
        h1_0.national_id,
        h1_0.proof_of_ownership_url,
        h1_0.updated_at,
        h1_0.user_id 
    from
        house_renters h1_0 
    where
        h1_0.user_id=?
2025-08-12 08:42:09 [http-nio-8080-exec-2] DEBUG org.hibernate.SQL - 
    /* <criteria> */ select
        u1_0.id,
        u1_0.active,
        u1_0.address,
        u1_0.img,
        u1_0.birth_date,
        u1_0.created_at,
        u1_0.email,
        u1_0.facebook_account_id,
        u1_0.full_name,
        u1_0.google_account_id,
        u1_0.password,
        u1_0.phone,
        u1_0.role_id,
        u1_0.updated_at,
        u1_0.username 
    from
        users u1_0 
    where
        u1_0.email=?
2025-08-12 08:42:09 [http-nio-8080-exec-2] DEBUG org.hibernate.SQL - 
    select
        h1_0.id,
        h1_0.address,
        h1_0.approved_date,
        h1_0.created_at,
        h1_0.national_id,
        h1_0.proof_of_ownership_url,
        h1_0.updated_at,
        h1_0.user_id 
    from
        house_renters h1_0 
    where
        h1_0.user_id=?
2025-08-12 08:42:09 [http-nio-8080-exec-2] DEBUG org.hibernate.SQL - 
    select
        r1_0.id,
        r1_0.name 
    from
        roles r1_0 
    where
        r1_0.id=?
2025-08-12 08:42:09 [http-nio-8080-exec-2] DEBUG org.hibernate.SQL - 
    /* <criteria> */ select
        u1_0.id,
        u1_0.active,
        u1_0.address,
        u1_0.img,
        u1_0.birth_date,
        u1_0.created_at,
        u1_0.email,
        u1_0.facebook_account_id,
        u1_0.full_name,
        u1_0.google_account_id,
        u1_0.password,
        u1_0.phone,
        u1_0.role_id,
        u1_0.updated_at,
        u1_0.username 
    from
        users u1_0 
    left join
        roles r1_0 
            on r1_0.id=u1_0.role_id 
    where
        r1_0.name!=? 
    order by
        u1_0.id desc limit ?,
        ?
2025-08-12 08:42:09 [http-nio-8080-exec-2] DEBUG org.hibernate.SQL - 
    select
        h1_0.id,
        h1_0.address,
        h1_0.approved_date,
        h1_0.created_at,
        h1_0.national_id,
        h1_0.proof_of_ownership_url,
        h1_0.updated_at,
        h1_0.user_id 
    from
        house_renters h1_0 
    where
        h1_0.user_id=?
2025-08-12 08:42:09 [http-nio-8080-exec-2] DEBUG org.hibernate.SQL - 
    select
        r1_0.id,
        r1_0.name 
    from
        roles r1_0 
    where
        r1_0.id=?
2025-08-12 08:42:09 [http-nio-8080-exec-2] DEBUG org.hibernate.SQL - 
    select
        h1_0.id,
        h1_0.address,
        h1_0.approved_date,
        h1_0.created_at,
        h1_0.national_id,
        h1_0.proof_of_ownership_url,
        h1_0.updated_at,
        h1_0.user_id 
    from
        house_renters h1_0 
    where
        h1_0.user_id=?
2025-08-12 08:42:09 [http-nio-8080-exec-2] DEBUG org.hibernate.SQL - 
    select
        h1_0.id,
        h1_0.address,
        h1_0.approved_date,
        h1_0.created_at,
        h1_0.national_id,
        h1_0.proof_of_ownership_url,
        h1_0.updated_at,
        h1_0.user_id 
    from
        house_renters h1_0 
    where
        h1_0.user_id=?
2025-08-12 08:42:09 [http-nio-8080-exec-2] DEBUG org.hibernate.SQL - 
    select
        h1_0.id,
        h1_0.address,
        h1_0.approved_date,
        h1_0.created_at,
        h1_0.national_id,
        h1_0.proof_of_ownership_url,
        h1_0.updated_at,
        h1_0.user_id 
    from
        house_renters h1_0 
    where
        h1_0.user_id=?
2025-08-12 08:44:01 [SpringApplicationShutdownHook] INFO  o.s.o.j.LocalContainerEntityManagerFactoryBean - Closing JPA EntityManagerFactory for persistence unit 'default'
2025-08-12 08:44:01 [SpringApplicationShutdownHook] INFO  com.zaxxer.hikari.HikariDataSource - HikariPool-1 - Shutdown initiated...
2025-08-12 08:44:02 [SpringApplicationShutdownHook] INFO  com.zaxxer.hikari.HikariDataSource - HikariPool-1 - Shutdown completed.
